0 verbose cli D:\Node.js\node.exe D:\Node.js\node_modules\npm\bin\npm-cli.js
1 info using npm@10.9.2
2 info using node@v22.16.0
3 silly config load:file:D:\Node.js\node_modules\npm\npmrc
4 silly config load:file:D:\projects\delivery_app\Delivery_booking_webapp\.npmrc
5 silly config load:file:C:\Users\ThuBy\.npmrc
6 silly config load:file:C:\Users\ThuBy\AppData\Roaming\npm\etc\npmrc
7 verbose title npm install react-hook-form @hookform/resolvers lucide-react class-variance-authority clsx tailwind-merge
8 verbose argv "install" "react-hook-form" "@hookform/resolvers" "lucide-react" "class-variance-authority" "clsx" "tailwind-merge" "--cache" ".npm-cache"
9 verbose logfile logs-max:10 dir:D:\projects\delivery_app\Delivery_booking_webapp\.npm-cache\_logs\2026-03-08T16_15_50_470Z-
10 verbose logfile D:\projects\delivery_app\Delivery_booking_webapp\.npm-cache\_logs\2026-03-08T16_15_50_470Z-debug-0.log
11 silly logfile done cleaning log files
12 silly packumentCache heap:4345298944 maxSize:1086324736 maxEntrySize:543162368
13 silly idealTree buildDeps
14 silly fetch manifest react-hook-form@*
15 silly packumentCache full:https://registry.npmjs.org/react-hook-form cache-miss
16 http fetch GET 200 https://registry.npmjs.org/react-hook-form 298ms (cache miss)
17 silly packumentCache full:https://registry.npmjs.org/react-hook-form set size:undefined disposed:false
18 silly fetch manifest react@^19.2.4
19 silly packumentCache full:https://registry.npmjs.org/react cache-miss
20 http fetch GET 200 https://registry.npmjs.org/react 219ms (cache miss)
21 silly packumentCache full:https://registry.npmjs.org/react set size:undefined disposed:false
22 silly fetch manifest @hookform/resolvers@*
23 silly packumentCache full:https://registry.npmjs.org/@hookform%2fresolvers cache-miss
24 http fetch GET 200 https://registry.npmjs.org/@hookform%2fresolvers 70ms (cache miss)
25 silly packumentCache full:https://registry.npmjs.org/@hookform%2fresolvers set size:undefined disposed:false
26 silly fetch manifest lucide-react@*
27 silly packumentCache full:https://registry.npmjs.org/lucide-react cache-miss
28 http fetch GET 200 https://registry.npmjs.org/lucide-react 81ms (cache miss)
29 silly packumentCache full:https://registry.npmjs.org/lucide-react set size:undefined disposed:false
30 silly fetch manifest class-variance-authority@*
31 silly packumentCache full:https://registry.npmjs.org/class-variance-authority cache-miss
32 http fetch GET 200 https://registry.npmjs.org/class-variance-authority 49ms (cache miss)
33 silly packumentCache full:https://registry.npmjs.org/class-variance-authority set size:undefined disposed:false
34 silly fetch manifest clsx@*
35 silly packumentCache full:https://registry.npmjs.org/clsx cache-miss
36 http fetch GET 200 https://registry.npmjs.org/clsx 42ms (cache miss)
37 silly packumentCache full:https://registry.npmjs.org/clsx set size:undefined disposed:false
38 silly fetch manifest tailwind-merge@*
39 silly packumentCache full:https://registry.npmjs.org/tailwind-merge cache-miss
40 http fetch GET 200 https://registry.npmjs.org/tailwind-merge 57ms (cache miss)
41 silly packumentCache full:https://registry.npmjs.org/tailwind-merge set size:undefined disposed:false
42 silly placeDep ROOT @hookform/resolvers@5.2.2 OK for: delivery-booking-webapp@0.1.0 want: *
43 silly placeDep ROOT react-hook-form@7.71.2 OK for: @hookform/resolvers@5.2.2 want: ^7.55.0
44 silly placeDep ROOT class-variance-authority@0.7.1 OK for: delivery-booking-webapp@0.1.0 want: *
45 silly placeDep ROOT clsx@2.1.1 OK for: delivery-booking-webapp@0.1.0 want: *
46 silly placeDep ROOT lucide-react@0.577.0 OK for: delivery-booking-webapp@0.1.0 want: *
47 silly placeDep ROOT react-hook-form@7.71.2 REPLACE for: delivery-booking-webapp@0.1.0 want: *
48 silly placeDep ROOT tailwind-merge@3.5.0 OK for: delivery-booking-webapp@0.1.0 want: *
49 silly fetch manifest @standard-schema/utils@^0.3.0
50 silly packumentCache full:https://registry.npmjs.org/@standard-schema%2futils cache-miss
51 silly fetch manifest clsx@^2.1.1
52 silly packumentCache full:https://registry.npmjs.org/clsx cache-miss
53 http cache https://registry.npmjs.org/clsx 471ms (cache hit)
54 silly packumentCache full:https://registry.npmjs.org/clsx set size:42506 disposed:false
55 http fetch GET 200 https://registry.npmjs.org/@standard-schema%2futils 492ms (cache miss)
56 silly packumentCache full:https://registry.npmjs.org/@standard-schema%2futils set size:undefined disposed:false
57 silly placeDep ROOT @standard-schema/utils@0.3.0 OK for: @hookform/resolvers@5.2.2 want: ^0.3.0
58 silly reify moves {}
59 silly audit bulk request {
59 silly audit   '@auth/core': [ '0.41.1', '0.41.0' ],
59 silly audit   '@auth/prisma-adapter': [ '2.11.1' ],
59 silly audit   '@emnapi/core': [ '1.8.1' ],
59 silly audit   '@emnapi/runtime': [ '1.8.1' ],
59 silly audit   '@emnapi/wasi-threads': [ '1.1.0' ],
59 silly audit   '@eslint-community/eslint-utils': [ '4.9.1' ],
59 silly audit   '@eslint-community/regexpp': [ '4.12.2' ],
59 silly audit   '@eslint/eslintrc': [ '2.1.4' ],
59 silly audit   '@eslint/js': [ '8.57.1' ],
59 silly audit   '@humanwhocodes/config-array': [ '0.13.0' ],
59 silly audit   '@humanwhocodes/module-importer': [ '1.0.1' ],
59 silly audit   '@humanwhocodes/object-schema': [ '2.0.3' ],
59 silly audit   '@img/colour': [ '1.1.0' ],
59 silly audit   '@img/sharp-darwin-arm64': [ '0.34.5' ],
59 silly audit   '@img/sharp-darwin-x64': [ '0.34.5' ],
59 silly audit   '@img/sharp-libvips-darwin-arm64': [ '1.2.4' ],
59 silly audit   '@img/sharp-libvips-darwin-x64': [ '1.2.4' ],
59 silly audit   '@img/sharp-libvips-linux-arm': [ '1.2.4' ],
59 silly audit   '@img/sharp-libvips-linux-arm64': [ '1.2.4' ],
59 silly audit   '@img/sharp-libvips-linux-ppc64': [ '1.2.4' ],
59 silly audit   '@img/sharp-libvips-linux-riscv64': [ '1.2.4' ],
59 silly audit   '@img/sharp-libvips-linux-s390x': [ '1.2.4' ],
59 silly audit   '@img/sharp-libvips-linux-x64': [ '1.2.4' ],
59 silly audit   '@img/sharp-libvips-linuxmusl-arm64': [ '1.2.4' ],
59 silly audit   '@img/sharp-libvips-linuxmusl-x64': [ '1.2.4' ],
59 silly audit   '@img/sharp-linux-arm': [ '0.34.5' ],
59 silly audit   '@img/sharp-linux-arm64': [ '0.34.5' ],
59 silly audit   '@img/sharp-linux-ppc64': [ '0.34.5' ],
59 silly audit   '@img/sharp-linux-riscv64': [ '0.34.5' ],
59 silly audit   '@img/sharp-linux-s390x': [ '0.34.5' ],
59 silly audit   '@img/sharp-linux-x64': [ '0.34.5' ],
59 silly audit   '@img/sharp-linuxmusl-arm64': [ '0.34.5' ],
59 silly audit   '@img/sharp-linuxmusl-x64': [ '0.34.5' ],
59 silly audit   '@img/sharp-wasm32': [ '0.34.5' ],
59 silly audit   '@img/sharp-win32-arm64': [ '0.34.5' ],
59 silly audit   '@img/sharp-win32-ia32': [ '0.34.5' ],
59 silly audit   '@img/sharp-win32-x64': [ '0.34.5' ],
59 silly audit   '@napi-rs/wasm-runtime': [ '0.2.12' ],
59 silly audit   '@next/env': [ '15.5.12' ],
59 silly audit   '@next/eslint-plugin-next': [ '15.5.12' ],
59 silly audit   '@next/swc-darwin-arm64': [ '15.5.12' ],
59 silly audit   '@next/swc-darwin-x64': [ '15.5.12' ],
59 silly audit   '@next/swc-linux-arm64-gnu': [ '15.5.12' ],
59 silly audit   '@next/swc-linux-arm64-musl': [ '15.5.12' ],
59 silly audit   '@next/swc-linux-x64-gnu': [ '15.5.12' ],
59 silly audit   '@next/swc-linux-x64-musl': [ '15.5.12' ],
59 silly audit   '@next/swc-win32-arm64-msvc': [ '15.5.12' ],
59 silly audit   '@next/swc-win32-x64-msvc': [ '15.5.12' ],
59 silly audit   '@nodelib/fs.scandir': [ '2.1.5' ],
59 silly audit   '@nodelib/fs.stat': [ '2.0.5' ],
59 silly audit   '@nodelib/fs.walk': [ '1.2.8' ],
59 silly audit   '@nolyfill/is-core-module': [ '1.0.39' ],
59 silly audit   '@panva/hkdf': [ '1.2.1' ],
59 silly audit   '@prisma/client': [ '5.22.0' ],
59 silly audit   '@prisma/debug': [ '5.22.0' ],
59 silly audit   '@prisma/engines': [ '5.22.0' ],
59 silly audit   '@prisma/engines-version': [ '5.22.0-44.605197351a3c8bdd595af2d2a9bc3025bca48ea2' ],
59 silly audit   '@prisma/fetch-engine': [ '5.22.0' ],
59 silly audit   '@prisma/get-platform': [ '5.22.0' ],
59 silly audit   '@rtsao/scc': [ '1.1.0' ],
59 silly audit   '@rushstack/eslint-patch': [ '1.16.1' ],
59 silly audit   '@swc/helpers': [ '0.5.15' ],
59 silly audit   '@tybys/wasm-util': [ '0.10.1' ],
59 silly audit   '@types/json5': [ '0.0.29' ],
59 silly audit   '@types/node': [ '20.19.37' ],
59 silly audit   '@types/react': [ '19.2.14' ],
59 silly audit   '@types/react-dom': [ '19.2.3' ],
59 silly audit   '@typescript-eslint/eslint-plugin': [ '8.56.1' ],
59 silly audit   ignore: [ '7.0.5', '5.3.2' ],
59 silly audit   '@typescript-eslint/parser': [ '8.56.1' ],
59 silly audit   '@typescript-eslint/project-service': [ '8.56.1' ],
59 silly audit   '@typescript-eslint/scope-manager': [ '8.56.1' ],
59 silly audit   '@typescript-eslint/tsconfig-utils': [ '8.56.1' ],
59 silly audit   '@typescript-eslint/type-utils': [ '8.56.1' ],
59 silly audit   '@typescript-eslint/types': [ '8.56.1' ],
59 silly audit   '@typescript-eslint/typescript-estree': [ '8.56.1' ],
59 silly audit   'balanced-match': [ '4.0.4', '1.0.2' ],
59 silly audit   'brace-expansion': [ '5.0.4', '1.1.12' ],
59 silly audit   minimatch: [ '10.2.4', '3.1.5' ],
59 silly audit   '@typescript-eslint/utils': [ '8.56.1' ],
59 silly audit   '@typescript-eslint/visitor-keys': [ '8.56.1' ],
59 silly audit   'eslint-visitor-keys': [ '5.0.1', '3.4.3' ],
59 silly audit   '@ungap/structured-clone': [ '1.3.0' ],
59 silly audit   '@unrs/resolver-binding-android-arm-eabi': [ '1.11.1' ],
59 silly audit   '@unrs/resolver-binding-android-arm64': [ '1.11.1' ],
59 silly audit   '@unrs/resolver-binding-darwin-arm64': [ '1.11.1' ],
59 silly audit   '@unrs/resolver-binding-darwin-x64': [ '1.11.1' ],
59 silly audit   '@unrs/resolver-binding-freebsd-x64': [ '1.11.1' ],
59 silly audit   '@unrs/resolver-binding-linux-arm-gnueabihf': [ '1.11.1' ],
59 silly audit   '@unrs/resolver-binding-linux-arm-musleabihf': [ '1.11.1' ],
59 silly audit   '@unrs/resolver-binding-linux-arm64-gnu': [ '1.11.1' ],
59 silly audit   '@unrs/resolver-binding-linux-arm64-musl': [ '1.11.1' ],
59 silly audit   '@unrs/resolver-binding-linux-ppc64-gnu': [ '1.11.1' ],
59 silly audit   '@unrs/resolver-binding-linux-riscv64-gnu': [ '1.11.1' ],
59 silly audit   '@unrs/resolver-binding-linux-riscv64-musl': [ '1.11.1' ],
59 silly audit   '@unrs/resolver-binding-linux-s390x-gnu': [ '1.11.1' ],
59 silly audit   '@unrs/resolver-binding-linux-x64-gnu': [ '1.11.1' ],
59 silly audit   '@unrs/resolver-binding-linux-x64-musl': [ '1.11.1' ],
59 silly audit   '@unrs/resolver-binding-wasm32-wasi': [ '1.11.1' ],
59 silly audit   '@unrs/resolver-binding-win32-arm64-msvc': [ '1.11.1' ],
59 silly audit   '@unrs/resolver-binding-win32-ia32-msvc': [ '1.11.1' ],
59 silly audit   '@unrs/resolver-binding-win32-x64-msvc': [ '1.11.1' ],
59 silly audit   acorn: [ '8.16.0' ],
59 silly audit   'acorn-jsx': [ '5.3.2' ],
59 silly audit   ajv: [ '6.14.0' ],
59 silly audit   'ansi-regex': [ '5.0.1' ],
59 silly audit   'ansi-styles': [ '4.3.0' ],
59 silly audit   argparse: [ '2.0.1' ],
59 silly audit   'aria-query': [ '5.3.2' ],
59 silly audit   'array-buffer-byte-length': [ '1.0.2' ],
59 silly audit   'array-includes': [ '3.1.9' ],
59 silly audit   'array.prototype.findlast': [ '1.2.5' ],
59 silly audit   'array.prototype.findlastindex': [ '1.2.6' ],
59 silly audit   'array.prototype.flat': [ '1.3.3' ],
59 silly audit   'array.prototype.flatmap': [ '1.3.3' ],
59 silly audit   'array.prototype.tosorted': [ '1.1.4' ],
59 silly audit   'arraybuffer.prototype.slice': [ '1.0.4' ],
59 silly audit   'ast-types-flow': [ '0.0.8' ],
59 silly audit   'async-function': [ '1.0.0' ],
59 silly audit   autoprefixer: [ '10.4.27' ],
59 silly audit   'available-typed-arrays': [ '1.0.7' ],
59 silly audit   'axe-core': [ '4.11.1' ],
59 silly audit   'axobject-query': [ '4.1.0' ],
59 silly audit   'baseline-browser-mapping': [ '2.10.0' ],
59 silly audit   braces: [ '3.0.3' ],
59 silly audit   browserslist: [ '4.28.1' ],
59 silly audit   'call-bind': [ '1.0.8' ],
59 silly audit   'call-bind-apply-helpers': [ '1.0.2' ],
59 silly audit   'call-bound': [ '1.0.4' ],
59 silly audit   callsites: [ '3.1.0' ],
59 silly audit   'caniuse-lite': [ '1.0.30001777' ],
59 silly audit   chalk: [ '4.1.2' ],
59 silly audit   'client-only': [ '0.0.1' ],
59 silly audit   'color-convert': [ '2.0.1' ],
59 silly audit   'color-name': [ '1.1.4' ],
59 silly audit   'concat-map': [ '0.0.1' ],
59 silly audit   'cross-spawn': [ '7.0.6' ],
59 silly audit   csstype: [ '3.2.3' ],
59 silly audit   'damerau-levenshtein': [ '1.0.8' ],
59 silly audit   'data-view-buffer': [ '1.0.2' ],
59 silly audit   'data-view-byte-length': [ '1.0.2' ],
59 silly audit   'data-view-byte-offset': [ '1.0.1' ],
59 silly audit   debug: [ '4.4.3', '3.2.7' ],
59 silly audit   'deep-is': [ '0.1.4' ],
59 silly audit   'define-data-property': [ '1.1.4' ],
59 silly audit   'define-properties': [ '1.2.1' ],
59 silly audit   'detect-libc': [ '2.1.2' ],
59 silly audit   doctrine: [ '3.0.0', '2.1.0' ],
59 silly audit   'dunder-proto': [ '1.0.1' ],
59 silly audit   'electron-to-chromium': [ '1.5.307' ],
59 silly audit   'emoji-regex': [ '9.2.2' ],
59 silly audit   'es-abstract': [ '1.24.1' ],
59 silly audit   'es-define-property': [ '1.0.1' ],
59 silly audit   'es-errors': [ '1.3.0' ],
59 silly audit   'es-iterator-helpers': [ '1.2.2' ],
59 silly audit   'es-object-atoms': [ '1.1.1' ],
59 silly audit   'es-set-tostringtag': [ '2.1.0' ],
59 silly audit   'es-shim-unscopables': [ '1.1.0' ],
59 silly audit   'es-to-primitive': [ '1.3.0' ],
59 silly audit   escalade: [ '3.2.0' ],
59 silly audit   'escape-string-regexp': [ '4.0.0' ],
59 silly audit   eslint: [ '8.57.1' ],
59 silly audit   'eslint-config-next': [ '15.5.12' ],
59 silly audit   'eslint-import-resolver-node': [ '0.3.9' ],
59 silly audit   'eslint-import-resolver-typescript': [ '3.10.1' ],
59 silly audit   'eslint-module-utils': [ '2.12.1' ],
59 silly audit   'eslint-plugin-import': [ '2.32.0' ],
59 silly audit   semver: [ '6.3.1', '7.7.4' ],
59 silly audit   'eslint-plugin-jsx-a11y': [ '6.10.2' ],
59 silly audit   'eslint-plugin-react': [ '7.37.5' ],
59 silly audit   'eslint-plugin-react-hooks': [ '5.2.0' ],
59 silly audit   resolve: [ '2.0.0-next.6', '1.22.11' ],
59 silly audit   'eslint-scope': [ '7.2.2' ],
59 silly audit   espree: [ '9.6.1' ],
59 silly audit   esquery: [ '1.7.0' ],
59 silly audit   esrecurse: [ '4.3.0' ],
59 silly audit   estraverse: [ '5.3.0' ],
59 silly audit   esutils: [ '2.0.3' ],
59 silly audit   'fast-deep-equal': [ '3.1.3' ],
59 silly audit   'fast-glob': [ '3.3.1' ],
59 silly audit   'glob-parent': [ '5.1.2', '6.0.2' ],
59 silly audit   'fast-json-stable-stringify': [ '2.1.0' ],
59 silly audit   'fast-levenshtein': [ '2.0.6' ],
59 silly audit   fastq: [ '1.20.1' ],
59 silly audit   fdir: [ '6.5.0' ],
59 silly audit   'file-entry-cache': [ '6.0.1' ],
59 silly audit   'fill-range': [ '7.1.1' ],
59 silly audit   'find-up': [ '5.0.0' ],
59 silly audit   'flat-cache': [ '3.2.0' ],
59 silly audit   flatted: [ '3.3.4' ],
59 silly audit   'for-each': [ '0.3.5' ],
59 silly audit   'fraction.js': [ '5.3.4' ],
59 silly audit   'fs.realpath': [ '1.0.0' ],
59 silly audit   fsevents: [ '2.3.3' ],
59 silly audit   'function-bind': [ '1.1.2' ],
59 silly audit   'function.prototype.name': [ '1.1.8' ],
59 silly audit   'functions-have-names': [ '1.2.3' ],
59 silly audit   'generator-function': [ '2.0.1' ],
59 silly audit   'get-intrinsic': [ '1.3.0' ],
59 silly audit   'get-proto': [ '1.0.1' ],
59 silly audit   'get-symbol-description': [ '1.1.0' ],
59 silly audit   'get-tsconfig': [ '4.13.6' ],
59 silly audit   globals: [ '13.24.0' ],
59 silly audit   globalthis: [ '1.0.4' ],
59 silly audit   gopd: [ '1.2.0' ],
59 silly audit   graphemer: [ '1.4.0' ],
59 silly audit   'has-bigints': [ '1.1.0' ],
59 silly audit   'has-flag': [ '4.0.0' ],
59 silly audit   'has-property-descriptors': [ '1.0.2' ],
59 silly audit   'has-proto': [ '1.2.0' ],
59 silly audit   'has-symbols': [ '1.1.0' ],
59 silly audit   'has-tostringtag': [ '1.0.2' ],
59 silly audit   hasown: [ '2.0.2' ],
59 silly audit   'import-fresh': [ '3.3.1' ],
59 silly audit   imurmurhash: [ '0.1.4' ],
59 silly audit   inflight: [ '1.0.6' ],
59 silly audit   inherits: [ '2.0.4' ],
59 silly audit   'internal-slot': [ '1.1.0' ],
59 silly audit   'is-array-buffer': [ '3.0.5' ],
59 silly audit   'is-async-function': [ '2.1.1' ],
59 silly audit   'is-bigint': [ '1.1.0' ],
59 silly audit   'is-boolean-object': [ '1.2.2' ],
59 silly audit   'is-bun-module': [ '2.0.0' ],
59 silly audit   'is-callable': [ '1.2.7' ],
59 silly audit   'is-core-module': [ '2.16.1' ],
59 silly audit   'is-data-view': [ '1.0.2' ],
59 silly audit   'is-date-object': [ '1.1.0' ],
59 silly audit   'is-extglob': [ '2.1.1' ],
59 silly audit   'is-finalizationregistry': [ '1.1.1' ],
59 silly audit   'is-generator-function': [ '1.1.2' ],
59 silly audit   'is-glob': [ '4.0.3' ],
59 silly audit   'is-map': [ '2.0.3' ],
59 silly audit   'is-negative-zero': [ '2.0.3' ],
59 silly audit   'is-number': [ '7.0.0' ],
59 silly audit   'is-number-object': [ '1.1.1' ],
59 silly audit   'is-path-inside': [ '3.0.3' ],
59 silly audit   'is-regex': [ '1.2.1' ],
59 silly audit   'is-set': [ '2.0.3' ],
59 silly audit   'is-shared-array-buffer': [ '1.0.4' ],
59 silly audit   'is-string': [ '1.1.1' ],
59 silly audit   'is-symbol': [ '1.1.1' ],
59 silly audit   'is-typed-array': [ '1.1.15' ],
59 silly audit   'is-weakmap': [ '2.0.2' ],
59 silly audit   'is-weakref': [ '1.1.1' ],
59 silly audit   'is-weakset': [ '2.0.4' ],
59 silly audit   isarray: [ '2.0.5' ],
59 silly audit   isexe: [ '2.0.0' ],
59 silly audit   'iterator.prototype': [ '1.1.5' ],
59 silly audit   jose: [ '6.2.0' ],
59 silly audit   'js-tokens': [ '4.0.0' ],
59 silly audit   'js-yaml': [ '4.1.1' ],
59 silly audit   'json-buffer': [ '3.0.1' ],
59 silly audit   'json-schema-traverse': [ '0.4.1' ],
59 silly audit   'json-stable-stringify-without-jsonify': [ '1.0.1' ],
59 silly audit   json5: [ '1.0.2' ],
59 silly audit   'jsx-ast-utils': [ '3.3.5' ],
59 silly audit   keyv: [ '4.5.4' ],
59 silly audit   'language-subtag-registry': [ '0.3.23' ],
59 silly audit   'language-tags': [ '1.0.9' ],
59 silly audit   levn: [ '0.4.1' ],
59 silly audit   'locate-path': [ '6.0.0' ],
59 silly audit   'lodash.merge': [ '4.6.2' ],
59 silly audit   'loose-envify': [ '1.4.0' ],
59 silly audit   'math-intrinsics': [ '1.1.0' ],
59 silly audit   merge2: [ '1.4.1' ],
59 silly audit   micromatch: [ '4.0.8' ],
59 silly audit   picomatch: [ '2.3.1', '4.0.3' ],
59 silly audit   minimist: [ '1.2.8' ],
59 silly audit   ms: [ '2.1.3' ],
59 silly audit   nanoid: [ '3.3.11' ],
59 silly audit   'napi-postinstall': [ '0.3.4' ],
59 silly audit   'natural-compare': [ '1.4.0' ],
59 silly audit   next: [ '15.5.12' ],
59 silly audit   'next-auth': [ '5.0.0-beta.30' ],
59 silly audit   postcss: [ '8.4.31', '8.5.8' ],
59 silly audit   'node-exports-info': [ '1.6.0' ],
59 silly audit   'node-releases': [ '2.0.36' ],
59 silly audit   oauth4webapi: [ '3.8.5' ],
59 silly audit   'object-assign': [ '4.1.1' ],
59 silly audit   'object-inspect': [ '1.13.4' ],
59 silly audit   'object-keys': [ '1.1.1' ],
59 silly audit   'object.assign': [ '4.1.7' ],
59 silly audit   'object.entries': [ '1.1.9' ],
59 silly audit   'object.fromentries': [ '2.0.8' ],
59 silly audit   'object.groupby': [ '1.0.3' ],
59 silly audit   'object.values': [ '1.2.1' ],
59 silly audit   once: [ '1.4.0' ],
59 silly audit   optionator: [ '0.9.4' ],
59 silly audit   'own-keys': [ '1.0.1' ],
59 silly audit   'p-limit': [ '3.1.0' ],
59 silly audit   'p-locate': [ '5.0.0' ],
59 silly audit   'parent-module': [ '1.0.1' ],
59 silly audit   'path-exists': [ '4.0.0' ],
59 silly audit   'path-is-absolute': [ '1.0.1' ],
59 silly audit   'path-key': [ '3.1.1' ],
59 silly audit   'path-parse': [ '1.0.7' ],
59 silly audit   picocolors: [ '1.1.1' ],
59 silly audit   'possible-typed-array-names': [ '1.1.0' ],
59 silly audit   'postcss-value-parser': [ '4.2.0' ],
59 silly audit   preact: [ '10.24.3' ],
59 silly audit   'preact-render-to-string': [ '6.5.11' ],
59 silly audit   'prelude-ls': [ '1.2.1' ],
59 silly audit   prisma: [ '5.22.0' ],
59 silly audit   'prop-types': [ '15.8.1' ],
59 silly audit   punycode: [ '2.3.1' ],
59 silly audit   'queue-microtask': [ '1.2.3' ],
59 silly audit   react: [ '19.2.4' ],
59 silly audit   'react-dom': [ '19.2.4' ],
59 silly audit   'react-is': [ '16.13.1' ],
59 silly audit   'reflect.getprototypeof': [ '1.0.10' ],
59 silly audit   'regexp.prototype.flags': [ '1.5.4' ],
59 silly audit   'resolve-from': [ '4.0.0' ],
59 silly audit   'resolve-pkg-maps': [ '1.0.0' ],
59 silly audit   reusify: [ '1.1.0' ],
59 silly audit   rimraf: [ '3.0.2' ],
59 silly audit   glob: [ '7.2.3' ],
59 silly audit   'run-parallel': [ '1.2.0' ],
59 silly audit   'safe-array-concat': [ '1.1.3' ],
59 silly audit   'safe-push-apply': [ '1.0.0' ],
59 silly audit   'safe-regex-test': [ '1.1.0' ],
59 silly audit   scheduler: [ '0.27.0' ],
59 silly audit   'set-function-length': [ '1.2.2' ],
59 silly audit   'set-function-name': [ '2.0.2' ],
59 silly audit   'set-proto': [ '1.0.0' ],
59 silly audit   sharp: [ '0.34.5' ],
59 silly audit   'shebang-command': [ '2.0.0' ],
59 silly audit   'shebang-regex': [ '3.0.0' ],
59 silly audit   'side-channel': [ '1.1.0' ],
59 silly audit   'side-channel-list': [ '1.0.0' ],
59 silly audit   'side-channel-map': [ '1.0.1' ],
59 silly audit   'side-channel-weakmap': [ '1.0.2' ],
59 silly audit   'source-map-js': [ '1.2.1' ],
59 silly audit   'stable-hash': [ '0.0.5' ],
59 silly audit   'stop-iteration-iterator': [ '1.1.0' ],
59 silly audit   'string.prototype.includes': [ '2.0.1' ],
59 silly audit   'string.prototype.matchall': [ '4.0.12' ],
59 silly audit   'string.prototype.repeat': [ '1.0.0' ],
59 silly audit   'string.prototype.trim': [ '1.2.10' ],
59 silly audit   'string.prototype.trimend': [ '1.0.9' ],
59 silly audit   'string.prototype.trimstart': [ '1.0.8' ],
59 silly audit   'strip-ansi': [ '6.0.1' ],
59 silly audit   'strip-bom': [ '3.0.0' ],
59 silly audit   'strip-json-comments': [ '3.1.1' ],
59 silly audit   'styled-jsx': [ '5.1.6' ],
59 silly audit   'supports-color': [ '7.2.0' ],
59 silly audit   'supports-preserve-symlinks-flag': [ '1.0.0' ],
59 silly audit   tailwindcss: [ '4.2.1' ],
59 silly audit   'text-table': [ '0.2.0' ],
59 silly audit   tinyglobby: [ '0.2.15' ],
59 silly audit   'to-regex-range': [ '5.0.1' ],
59 silly audit   'ts-api-utils': [ '2.4.0' ],
59 silly audit   'tsconfig-paths': [ '3.15.0' ],
59 silly audit   tslib: [ '2.8.1' ],
59 silly audit   'type-check': [ '0.4.0' ],
59 silly audit   'type-fest': [ '0.20.2' ],
59 silly audit   'typed-array-buffer': [ '1.0.3' ],
59 silly audit   'typed-array-byte-length': [ '1.0.3' ],
59 silly audit   'typed-array-byte-offset': [ '1.0.4' ],
59 silly audit   'typed-array-length': [ '1.0.7' ],
59 silly audit   typescript: [ '5.9.3' ],
59 silly audit   'unbox-primitive': [ '1.1.0' ],
59 silly audit   'undici-types': [ '6.21.0' ],
59 silly audit   'unrs-resolver': [ '1.11.1' ],
59 silly audit   'update-browserslist-db': [ '1.2.3' ],
59 silly audit   'uri-js': [ '4.4.1' ],
59 silly audit   which: [ '2.0.2' ],
59 silly audit   'which-boxed-primitive': [ '1.1.1' ],
59 silly audit   'which-builtin-type': [ '1.2.1' ],
59 silly audit   'which-collection': [ '1.0.2' ],
59 silly audit   'which-typed-array': [ '1.1.20' ],
59 silly audit   'word-wrap': [ '1.2.5' ],
59 silly audit   wrappy: [ '1.0.2' ],
59 silly audit   'yocto-queue': [ '0.1.0' ],
59 silly audit   zod: [ '3.25.76' ],
59 silly audit   '@hookform/resolvers': [ '5.2.2' ],
59 silly audit   'class-variance-authority': [ '0.7.1' ],
59 silly audit   clsx: [ '2.1.1' ],
59 silly audit   'lucide-react': [ '0.577.0' ],
59 silly audit   'react-hook-form': [ '7.71.2' ],
59 silly audit   'tailwind-merge': [ '3.5.0' ],
59 silly audit   '@standard-schema/utils': [ '0.3.0' ]
59 silly audit }
60 verbose reify failed optional dependency D:\projects\delivery_app\Delivery_booking_webapp\node_modules\fsevents
61 silly reify mark deleted [
61 silly reify   'D:\\projects\\delivery_app\\Delivery_booking_webapp\\node_modules\\fsevents'
61 silly reify ]
62 verbose reify failed optional dependency D:\projects\delivery_app\Delivery_booking_webapp\node_modules\@unrs\resolver-binding-win32-ia32-msvc
63 silly reify mark deleted [
63 silly reify   'D:\\projects\\delivery_app\\Delivery_booking_webapp\\node_modules\\@unrs\\resolver-binding-win32-ia32-msvc'
63 silly reify ]
64 verbose reify failed optional dependency D:\projects\delivery_app\Delivery_booking_webapp\node_modules\@unrs\resolver-binding-win32-arm64-msvc
65 silly reify mark deleted [
65 silly reify   'D:\\projects\\delivery_app\\Delivery_booking_webapp\\node_modules\\@unrs\\resolver-binding-win32-arm64-msvc'
65 silly reify ]
66 verbose reify failed optional dependency D:\projects\delivery_app\Delivery_booking_webapp\node_modules\@unrs\resolver-binding-wasm32-wasi
67 silly reify mark deleted [
67 silly reify   'D:\\projects\\delivery_app\\Delivery_booking_webapp\\node_modules\\@unrs\\resolver-binding-wasm32-wasi'
67 silly reify ]
68 verbose reify failed optional dependency D:\projects\delivery_app\Delivery_booking_webapp\node_modules\@napi-rs\wasm-runtime
69 silly reify mark deleted [
69 silly reify   'D:\\projects\\delivery_app\\Delivery_booking_webapp\\node_modules\\@napi-rs\\wasm-runtime'
69 silly reify ]
70 verbose reify failed optional dependency D:\projects\delivery_app\Delivery_booking_webapp\node_modules\@emnapi\core
71 silly reify mark deleted [
71 silly reify   'D:\\projects\\delivery_app\\Delivery_booking_webapp\\node_modules\\@emnapi\\core'
71 silly reify ]
72 verbose reify failed optional dependency D:\projects\delivery_app\Delivery_booking_webapp\node_modules\@tybys\wasm-util
73 silly reify mark deleted [
73 silly reify   'D:\\projects\\delivery_app\\Delivery_booking_webapp\\node_modules\\@tybys\\wasm-util'
73 silly reify ]
74 verbose reify failed optional dependency D:\projects\delivery_app\Delivery_booking_webapp\node_modules\@emnapi\wasi-threads
75 silly reify mark deleted [
75 silly reify   'D:\\projects\\delivery_app\\Delivery_booking_webapp\\node_modules\\@emnapi\\wasi-threads'
75 silly reify ]
76 verbose reify failed optional dependency D:\projects\delivery_app\Delivery_booking_webapp\node_modules\@unrs\resolver-binding-linux-x64-musl
77 silly reify mark deleted [
77 silly reify   'D:\\projects\\delivery_app\\Delivery_booking_webapp\\node_modules\\@unrs\\resolver-binding-linux-x64-musl'
77 silly reify ]
78 verbose reify failed optional dependency D:\projects\delivery_app\Delivery_booking_webapp\node_modules\@unrs\resolver-binding-linux-x64-gnu
79 silly reify mark deleted [
79 silly reify   'D:\\projects\\delivery_app\\Delivery_booking_webapp\\node_modules\\@unrs\\resolver-binding-linux-x64-gnu'
79 silly reify ]
80 verbose reify failed optional dependency D:\projects\delivery_app\Delivery_booking_webapp\node_modules\@unrs\resolver-binding-linux-s390x-gnu
81 silly reify mark deleted [
81 silly reify   'D:\\projects\\delivery_app\\Delivery_booking_webapp\\node_modules\\@unrs\\resolver-binding-linux-s390x-gnu'
81 silly reify ]
82 verbose reify failed optional dependency D:\projects\delivery_app\Delivery_booking_webapp\node_modules\@unrs\resolver-binding-linux-riscv64-musl
83 silly reify mark deleted [
83 silly reify   'D:\\projects\\delivery_app\\Delivery_booking_webapp\\node_modules\\@unrs\\resolver-binding-linux-riscv64-musl'
83 silly reify ]
84 verbose reify failed optional dependency D:\projects\delivery_app\Delivery_booking_webapp\node_modules\@unrs\resolver-binding-linux-riscv64-gnu
85 silly reify mark deleted [
85 silly reify   'D:\\projects\\delivery_app\\Delivery_booking_webapp\\node_modules\\@unrs\\resolver-binding-linux-riscv64-gnu'
85 silly reify ]
86 verbose reify failed optional dependency D:\projects\delivery_app\Delivery_booking_webapp\node_modules\@unrs\resolver-binding-linux-ppc64-gnu
87 silly reify mark deleted [
87 silly reify   'D:\\projects\\delivery_app\\Delivery_booking_webapp\\node_modules\\@unrs\\resolver-binding-linux-ppc64-gnu'
87 silly reify ]
88 verbose reify failed optional dependency D:\projects\delivery_app\Delivery_booking_webapp\node_modules\@unrs\resolver-binding-linux-arm64-musl
89 silly reify mark deleted [
89 silly reify   'D:\\projects\\delivery_app\\Delivery_booking_webapp\\node_modules\\@unrs\\resolver-binding-linux-arm64-musl'
89 silly reify ]
90 verbose reify failed optional dependency D:\projects\delivery_app\Delivery_booking_webapp\node_modules\@unrs\resolver-binding-linux-arm64-gnu
91 silly reify mark deleted [
91 silly reify   'D:\\projects\\delivery_app\\Delivery_booking_webapp\\node_modules\\@unrs\\resolver-binding-linux-arm64-gnu'
91 silly reify ]
92 verbose reify failed optional dependency D:\projects\delivery_app\Delivery_booking_webapp\node_modules\@unrs\resolver-binding-linux-arm-musleabihf
93 silly reify mark deleted [
93 silly reify   'D:\\projects\\delivery_app\\Delivery_booking_webapp\\node_modules\\@unrs\\resolver-binding-linux-arm-musleabihf'
93 silly reify ]
94 verbose reify failed optional dependency D:\projects\delivery_app\Delivery_booking_webapp\node_modules\@unrs\resolver-binding-linux-arm-gnueabihf
95 silly reify mark deleted [
95 silly reify   'D:\\projects\\delivery_app\\Delivery_booking_webapp\\node_modules\\@unrs\\resolver-binding-linux-arm-gnueabihf'
95 silly reify ]
96 verbose reify failed optional dependency D:\projects\delivery_app\Delivery_booking_webapp\node_modules\@unrs\resolver-binding-freebsd-x64
97 silly reify mark deleted [
97 silly reify   'D:\\projects\\delivery_app\\Delivery_booking_webapp\\node_modules\\@unrs\\resolver-binding-freebsd-x64'
97 silly reify ]
98 verbose reify failed optional dependency D:\projects\delivery_app\Delivery_booking_webapp\node_modules\@unrs\resolver-binding-darwin-x64
99 silly reify mark deleted [
99 silly reify   'D:\\projects\\delivery_app\\Delivery_booking_webapp\\node_modules\\@unrs\\resolver-binding-darwin-x64'
99 silly reify ]
100 verbose reify failed optional dependency D:\projects\delivery_app\Delivery_booking_webapp\node_modules\@unrs\resolver-binding-darwin-arm64
101 silly reify mark deleted [
101 silly reify   'D:\\projects\\delivery_app\\Delivery_booking_webapp\\node_modules\\@unrs\\resolver-binding-darwin-arm64'
101 silly reify ]
102 verbose reify failed optional dependency D:\projects\delivery_app\Delivery_booking_webapp\node_modules\@unrs\resolver-binding-android-arm64
103 silly reify mark deleted [
103 silly reify   'D:\\projects\\delivery_app\\Delivery_booking_webapp\\node_modules\\@unrs\\resolver-binding-android-arm64'
103 silly reify ]
104 verbose reify failed optional dependency D:\projects\delivery_app\Delivery_booking_webapp\node_modules\@unrs\resolver-binding-android-arm-eabi
105 silly reify mark deleted [
105 silly reify   'D:\\projects\\delivery_app\\Delivery_booking_webapp\\node_modules\\@unrs\\resolver-binding-android-arm-eabi'
105 silly reify ]
106 verbose reify failed optional dependency D:\projects\delivery_app\Delivery_booking_webapp\node_modules\@next\swc-win32-arm64-msvc
107 silly reify mark deleted [
107 silly reify   'D:\\projects\\delivery_app\\Delivery_booking_webapp\\node_modules\\@next\\swc-win32-arm64-msvc'
107 silly reify ]
108 verbose reify failed optional dependency D:\projects\delivery_app\Delivery_booking_webapp\node_modules\@next\swc-linux-x64-musl
109 silly reify mark deleted [
109 silly reify   'D:\\projects\\delivery_app\\Delivery_booking_webapp\\node_modules\\@next\\swc-linux-x64-musl'
109 silly reify ]
110 verbose reify failed optional dependency D:\projects\delivery_app\Delivery_booking_webapp\node_modules\@next\swc-linux-x64-gnu
111 silly reify mark deleted [
111 silly reify   'D:\\projects\\delivery_app\\Delivery_booking_webapp\\node_modules\\@next\\swc-linux-x64-gnu'
111 silly reify ]
112 verbose reify failed optional dependency D:\projects\delivery_app\Delivery_booking_webapp\node_modules\@next\swc-linux-arm64-musl
113 silly reify mark deleted [
113 silly reify   'D:\\projects\\delivery_app\\Delivery_booking_webapp\\node_modules\\@next\\swc-linux-arm64-musl'
113 silly reify ]
114 verbose reify failed optional dependency D:\projects\delivery_app\Delivery_booking_webapp\node_modules\@next\swc-linux-arm64-gnu
115 silly reify mark deleted [
115 silly reify   'D:\\projects\\delivery_app\\Delivery_booking_webapp\\node_modules\\@next\\swc-linux-arm64-gnu'
115 silly reify ]
116 verbose reify failed optional dependency D:\projects\delivery_app\Delivery_booking_webapp\node_modules\@next\swc-darwin-x64
117 silly reify mark deleted [
117 silly reify   'D:\\projects\\delivery_app\\Delivery_booking_webapp\\node_modules\\@next\\swc-darwin-x64'
117 silly reify ]
118 verbose reify failed optional dependency D:\projects\delivery_app\Delivery_booking_webapp\node_modules\@next\swc-darwin-arm64
119 silly reify mark deleted [
119 silly reify   'D:\\projects\\delivery_app\\Delivery_booking_webapp\\node_modules\\@next\\swc-darwin-arm64'
119 silly reify ]
120 verbose reify failed optional dependency D:\projects\delivery_app\Delivery_booking_webapp\node_modules\@img\sharp-win32-ia32
121 silly reify mark deleted [
121 silly reify   'D:\\projects\\delivery_app\\Delivery_booking_webapp\\node_modules\\@img\\sharp-win32-ia32'
121 silly reify ]
122 verbose reify failed optional dependency D:\projects\delivery_app\Delivery_booking_webapp\node_modules\@img\sharp-win32-arm64
123 silly reify mark deleted [
123 silly reify   'D:\\projects\\delivery_app\\Delivery_booking_webapp\\node_modules\\@img\\sharp-win32-arm64'
123 silly reify ]
124 verbose reify failed optional dependency D:\projects\delivery_app\Delivery_booking_webapp\node_modules\@img\sharp-wasm32
125 silly reify mark deleted [
125 silly reify   'D:\\projects\\delivery_app\\Delivery_booking_webapp\\node_modules\\@img\\sharp-wasm32'
125 silly reify ]
126 verbose reify failed optional dependency D:\projects\delivery_app\Delivery_booking_webapp\node_modules\@img\sharp-linuxmusl-x64
127 silly reify mark deleted [
127 silly reify   'D:\\projects\\delivery_app\\Delivery_booking_webapp\\node_modules\\@img\\sharp-linuxmusl-x64'
127 silly reify ]
128 verbose reify failed optional dependency D:\projects\delivery_app\Delivery_booking_webapp\node_modules\@img\sharp-linuxmusl-arm64
129 silly reify mark deleted [
129 silly reify   'D:\\projects\\delivery_app\\Delivery_booking_webapp\\node_modules\\@img\\sharp-linuxmusl-arm64'
129 silly reify ]
130 verbose reify failed optional dependency D:\projects\delivery_app\Delivery_booking_webapp\node_modules\@img\sharp-linux-x64
131 silly reify mark deleted [
131 silly reify   'D:\\projects\\delivery_app\\Delivery_booking_webapp\\node_modules\\@img\\sharp-linux-x64'
131 silly reify ]
132 verbose reify failed optional dependency D:\projects\delivery_app\Delivery_booking_webapp\node_modules\@img\sharp-linux-s390x
133 silly reify mark deleted [
133 silly reify   'D:\\projects\\delivery_app\\Delivery_booking_webapp\\node_modules\\@img\\sharp-linux-s390x'
133 silly reify ]
134 verbose reify failed optional dependency D:\projects\delivery_app\Delivery_booking_webapp\node_modules\@img\sharp-linux-riscv64
135 silly reify mark deleted [
135 silly reify   'D:\\projects\\delivery_app\\Delivery_booking_webapp\\node_modules\\@img\\sharp-linux-riscv64'
135 silly reify ]
136 verbose reify failed optional dependency D:\projects\delivery_app\Delivery_booking_webapp\node_modules\@img\sharp-linux-ppc64
137 silly reify mark deleted [
137 silly reify   'D:\\projects\\delivery_app\\Delivery_booking_webapp\\node_modules\\@img\\sharp-linux-ppc64'
137 silly reify ]
138 verbose reify failed optional dependency D:\projects\delivery_app\Delivery_booking_webapp\node_modules\@img\sharp-linux-arm64
139 silly reify mark deleted [
139 silly reify   'D:\\projects\\delivery_app\\Delivery_booking_webapp\\node_modules\\@img\\sharp-linux-arm64'
139 silly reify ]
140 verbose reify failed optional dependency D:\projects\delivery_app\Delivery_booking_webapp\node_modules\@img\sharp-linux-arm
141 silly reify mark deleted [
141 silly reify   'D:\\projects\\delivery_app\\Delivery_booking_webapp\\node_modules\\@img\\sharp-linux-arm'
141 silly reify ]
142 verbose reify failed optional dependency D:\projects\delivery_app\Delivery_booking_webapp\node_modules\@img\sharp-libvips-linuxmusl-x64
143 silly reify mark deleted [
143 silly reify   'D:\\projects\\delivery_app\\Delivery_booking_webapp\\node_modules\\@img\\sharp-libvips-linuxmusl-x64'
143 silly reify ]
144 verbose reify failed optional dependency D:\projects\delivery_app\Delivery_booking_webapp\node_modules\@img\sharp-libvips-linuxmusl-arm64
145 silly reify mark deleted [
145 silly reify   'D:\\projects\\delivery_app\\Delivery_booking_webapp\\node_modules\\@img\\sharp-libvips-linuxmusl-arm64'
145 silly reify ]
146 verbose reify failed optional dependency D:\projects\delivery_app\Delivery_booking_webapp\node_modules\@img\sharp-libvips-linux-x64
147 silly reify mark deleted [
147 silly reify   'D:\\projects\\delivery_app\\Delivery_booking_webapp\\node_modules\\@img\\sharp-libvips-linux-x64'
147 silly reify ]
148 verbose reify failed optional dependency D:\projects\delivery_app\Delivery_booking_webapp\node_modules\@img\sharp-libvips-linux-s390x
149 silly reify mark deleted [
149 silly reify   'D:\\projects\\delivery_app\\Delivery_booking_webapp\\node_modules\\@img\\sharp-libvips-linux-s390x'
149 silly reify ]
150 verbose reify failed optional dependency D:\projects\delivery_app\Delivery_booking_webapp\node_modules\@img\sharp-libvips-linux-riscv64
151 silly reify mark deleted [
151 silly reify   'D:\\projects\\delivery_app\\Delivery_booking_webapp\\node_modules\\@img\\sharp-libvips-linux-riscv64'
151 silly reify ]
152 verbose reify failed optional dependency D:\projects\delivery_app\Delivery_booking_webapp\node_modules\@img\sharp-libvips-linux-ppc64
153 silly reify mark deleted [
153 silly reify   'D:\\projects\\delivery_app\\Delivery_booking_webapp\\node_modules\\@img\\sharp-libvips-linux-ppc64'
153 silly reify ]
154 verbose reify failed optional dependency D:\projects\delivery_app\Delivery_booking_webapp\node_modules\@img\sharp-libvips-linux-arm64
155 silly reify mark deleted [
155 silly reify   'D:\\projects\\delivery_app\\Delivery_booking_webapp\\node_modules\\@img\\sharp-libvips-linux-arm64'
155 silly reify ]
156 verbose reify failed optional dependency D:\projects\delivery_app\Delivery_booking_webapp\node_modules\@img\sharp-libvips-linux-arm
157 silly reify mark deleted [
157 silly reify   'D:\\projects\\delivery_app\\Delivery_booking_webapp\\node_modules\\@img\\sharp-libvips-linux-arm'
157 silly reify ]
158 verbose reify failed optional dependency D:\projects\delivery_app\Delivery_booking_webapp\node_modules\@img\sharp-libvips-darwin-x64
159 silly reify mark deleted [
159 silly reify   'D:\\projects\\delivery_app\\Delivery_booking_webapp\\node_modules\\@img\\sharp-libvips-darwin-x64'
159 silly reify ]
160 verbose reify failed optional dependency D:\projects\delivery_app\Delivery_booking_webapp\node_modules\@img\sharp-libvips-darwin-arm64
161 silly reify mark deleted [
161 silly reify   'D:\\projects\\delivery_app\\Delivery_booking_webapp\\node_modules\\@img\\sharp-libvips-darwin-arm64'
161 silly reify ]
162 verbose reify failed optional dependency D:\projects\delivery_app\Delivery_booking_webapp\node_modules\@img\sharp-darwin-x64
163 silly reify mark deleted [
163 silly reify   'D:\\projects\\delivery_app\\Delivery_booking_webapp\\node_modules\\@img\\sharp-darwin-x64'
163 silly reify ]
164 verbose reify failed optional dependency D:\projects\delivery_app\Delivery_booking_webapp\node_modules\@img\sharp-darwin-arm64
165 silly reify mark deleted [
165 silly reify   'D:\\projects\\delivery_app\\Delivery_booking_webapp\\node_modules\\@img\\sharp-darwin-arm64'
165 silly reify ]
166 http cache @standard-schema/utils@https://registry.npmjs.org/@standard-schema/utils/-/utils-0.3.0.tgz 0ms (cache hit)
167 http cache tailwind-merge@https://registry.npmjs.org/tailwind-merge/-/tailwind-merge-3.5.0.tgz 0ms (cache hit)
168 http cache lucide-react@https://registry.npmjs.org/lucide-react/-/lucide-react-0.577.0.tgz 0ms (cache hit)
169 http cache react-hook-form@https://registry.npmjs.org/react-hook-form/-/react-hook-form-7.71.2.tgz 0ms (cache hit)
170 http cache clsx@https://registry.npmjs.org/clsx/-/clsx-2.1.1.tgz 0ms (cache hit)
171 http cache class-variance-authority@https://registry.npmjs.org/class-variance-authority/-/class-variance-authority-0.7.1.tgz 0ms (cache hit)
172 http cache @hookform/resolvers@https://registry.npmjs.org/@hookform/resolvers/-/resolvers-5.2.2.tgz 0ms (cache hit)
173 http cache @tybys/wasm-util@https://registry.npmjs.org/@tybys/wasm-util/-/wasm-util-0.10.1.tgz 0ms (cache hit)
174 http cache @emnapi/wasi-threads@https://registry.npmjs.org/@emnapi/wasi-threads/-/wasi-threads-1.1.0.tgz 1ms (cache hit)
175 http cache @napi-rs/wasm-runtime@https://registry.npmjs.org/@napi-rs/wasm-runtime/-/wasm-runtime-0.2.12.tgz 0ms (cache hit)
176 http cache @emnapi/core@https://registry.npmjs.org/@emnapi/core/-/core-1.8.1.tgz 0ms (cache hit)
177 silly tarball no local data for @standard-schema/utils@https://registry.npmjs.org/@standard-schema/utils/-/utils-0.3.0.tgz. Extracting by manifest.
178 silly tarball no local data for tailwind-merge@https://registry.npmjs.org/tailwind-merge/-/tailwind-merge-3.5.0.tgz. Extracting by manifest.
179 silly tarball no local data for lucide-react@https://registry.npmjs.org/lucide-react/-/lucide-react-0.577.0.tgz. Extracting by manifest.
180 silly tarball no local data for react-hook-form@https://registry.npmjs.org/react-hook-form/-/react-hook-form-7.71.2.tgz. Extracting by manifest.
181 silly tarball no local data for clsx@https://registry.npmjs.org/clsx/-/clsx-2.1.1.tgz. Extracting by manifest.
182 silly tarball no local data for class-variance-authority@https://registry.npmjs.org/class-variance-authority/-/class-variance-authority-0.7.1.tgz. Extracting by manifest.
183 silly tarball no local data for @hookform/resolvers@https://registry.npmjs.org/@hookform/resolvers/-/resolvers-5.2.2.tgz. Extracting by manifest.
184 http fetch POST 200 https://registry.npmjs.org/-/npm/v1/security/advisories/bulk 274ms
185 silly audit report {}
186 http fetch GET 200 https://registry.npmjs.org/@standard-schema/utils/-/utils-0.3.0.tgz 416ms (cache miss)
187 http fetch GET 200 https://registry.npmjs.org/clsx/-/clsx-2.1.1.tgz 555ms (cache miss)
188 http fetch GET 200 https://registry.npmjs.org/class-variance-authority/-/class-variance-authority-0.7.1.tgz 640ms (cache miss)
189 http fetch GET 200 https://registry.npmjs.org/tailwind-merge/-/tailwind-merge-3.5.0.tgz 1330ms (cache miss)
190 http fetch GET 200 https://registry.npmjs.org/react-hook-form/-/react-hook-form-7.71.2.tgz 2611ms (cache miss)
191 http fetch GET 200 https://registry.npmjs.org/@hookform/resolvers/-/resolvers-5.2.2.tgz 3766ms (cache miss)
192 http fetch GET 200 https://registry.npmjs.org/lucide-react/-/lucide-react-0.577.0.tgz 26708ms (cache miss)
193 silly ADD node_modules/@standard-schema/utils
194 silly ADD node_modules/tailwind-merge
195 silly ADD node_modules/react-hook-form
196 silly ADD node_modules/lucide-react
197 silly ADD node_modules/clsx
198 silly ADD node_modules/class-variance-authority
199 silly ADD node_modules/@hookform/resolvers
200 silly ADD
201 silly ADD
202 silly ADD
203 silly ADD
204 silly ADD
205 silly ADD
206 silly ADD
207 silly ADD
208 silly ADD
209 silly ADD
210 silly ADD
211 silly ADD
212 silly ADD
213 silly ADD
214 silly ADD
215 silly ADD
216 silly ADD
217 silly ADD
218 silly ADD
219 silly ADD
220 silly ADD
221 silly ADD
222 silly ADD
223 silly ADD
224 silly ADD
225 silly ADD
226 silly ADD
227 silly ADD
228 silly ADD
229 silly ADD
230 silly ADD
231 silly ADD
232 silly ADD
233 silly ADD
234 silly ADD
235 silly ADD
236 silly ADD
237 silly ADD
238 silly ADD
239 silly ADD
240 silly ADD
241 silly ADD
242 silly ADD
243 silly ADD
244 silly ADD
245 silly ADD
246 silly ADD
247 silly ADD
248 silly ADD
249 silly ADD
250 silly ADD
251 silly ADD
252 silly ADD
253 verbose cwd D:\projects\delivery_app\Delivery_booking_webapp
254 verbose os Windows_NT 10.0.19045
255 verbose node v22.16.0
256 verbose npm  v10.9.2
257 verbose exit 0
258 info ok
