0 verbose cli D:\Node.js\node.exe D:\Node.js\node_modules\npm\bin\npm-cli.js
1 info using npm@10.9.2
2 info using node@v22.16.0
3 silly config load:file:D:\Node.js\node_modules\npm\npmrc
4 silly config load:file:D:\projects\delivery_app\Delivery_booking_webapp\.npmrc
5 silly config load:file:C:\Users\ThuBy\.npmrc
6 silly config load:file:C:\Users\ThuBy\AppData\Roaming\npm\etc\npmrc
7 verbose title npm install tailwindcss postcss autoprefixer
8 verbose argv "install" "--save-dev" "tailwindcss" "postcss" "autoprefixer" "--cache" ".npm-cache"
9 verbose logfile logs-max:10 dir:D:\projects\delivery_app\Delivery_booking_webapp\.npm-cache\_logs\2026-03-08T16_15_45_433Z-
10 verbose logfile D:\projects\delivery_app\Delivery_booking_webapp\.npm-cache\_logs\2026-03-08T16_15_45_433Z-debug-0.log
11 silly logfile done cleaning log files
12 silly packumentCache heap:4345298944 maxSize:1086324736 maxEntrySize:543162368
13 silly idealTree buildDeps
14 silly fetch manifest tailwindcss@*
15 silly packumentCache full:https://registry.npmjs.org/tailwindcss cache-miss
16 http fetch GET 200 https://registry.npmjs.org/npm 318ms
17 http fetch GET 200 https://registry.npmjs.org/tailwindcss 363ms (cache miss)
18 silly packumentCache full:https://registry.npmjs.org/tailwindcss set size:undefined disposed:false
19 silly fetch manifest postcss@*
20 silly packumentCache full:https://registry.npmjs.org/postcss cache-miss
21 http fetch GET 200 https://registry.npmjs.org/postcss 65ms (cache miss)
22 silly packumentCache full:https://registry.npmjs.org/postcss set size:undefined disposed:false
23 silly fetch manifest autoprefixer@*
24 silly packumentCache full:https://registry.npmjs.org/autoprefixer cache-miss
25 http fetch GET 200 https://registry.npmjs.org/autoprefixer 62ms (cache miss)
26 silly packumentCache full:https://registry.npmjs.org/autoprefixer set size:undefined disposed:false
27 silly placeDep ROOT autoprefixer@10.4.27 OK for: delivery-booking-webapp@0.1.0 want: *
28 silly placeDep ROOT postcss@8.5.8 REPLACE for: delivery-booking-webapp@0.1.0 want: *
29 silly placeDep ROOT tailwindcss@4.2.1 OK for: delivery-booking-webapp@0.1.0 want: *
30 silly fetch manifest browserslist@^4.28.1
31 silly packumentCache full:https://registry.npmjs.org/browserslist cache-miss
32 silly fetch manifest fraction.js@^5.3.4
33 silly packumentCache full:https://registry.npmjs.org/fraction.js cache-miss
34 silly fetch manifest postcss-value-parser@^4.2.0
35 silly packumentCache full:https://registry.npmjs.org/postcss-value-parser cache-miss
36 http fetch GET 200 https://registry.npmjs.org/browserslist 62ms (cache miss)
37 silly packumentCache full:https://registry.npmjs.org/browserslist set size:undefined disposed:false
38 http fetch GET 200 https://registry.npmjs.org/fraction.js 68ms (cache miss)
39 silly packumentCache full:https://registry.npmjs.org/fraction.js set size:undefined disposed:false
40 http fetch GET 200 https://registry.npmjs.org/postcss-value-parser 88ms (cache miss)
41 silly packumentCache full:https://registry.npmjs.org/postcss-value-parser set size:undefined disposed:false
42 silly placeDep ROOT browserslist@4.28.1 OK for: autoprefixer@10.4.27 want: ^4.28.1
43 silly placeDep ROOT fraction.js@5.3.4 OK for: autoprefixer@10.4.27 want: ^5.3.4
44 silly placeDep ROOT postcss-value-parser@4.2.0 OK for: autoprefixer@10.4.27 want: ^4.2.0
45 silly fetch manifest baseline-browser-mapping@^2.9.0
46 silly packumentCache full:https://registry.npmjs.org/baseline-browser-mapping cache-miss
47 silly fetch manifest electron-to-chromium@^1.5.263
48 silly packumentCache full:https://registry.npmjs.org/electron-to-chromium cache-miss
49 silly fetch manifest node-releases@^2.0.27
50 silly packumentCache full:https://registry.npmjs.org/node-releases cache-miss
51 silly fetch manifest update-browserslist-db@^1.2.0
52 silly packumentCache full:https://registry.npmjs.org/update-browserslist-db cache-miss
53 http fetch GET 200 https://registry.npmjs.org/baseline-browser-mapping 74ms (cache miss)
54 silly packumentCache full:https://registry.npmjs.org/baseline-browser-mapping set size:undefined disposed:false
55 http fetch GET 200 https://registry.npmjs.org/node-releases 81ms (cache miss)
56 silly packumentCache full:https://registry.npmjs.org/node-releases set size:undefined disposed:false
57 http fetch GET 200 https://registry.npmjs.org/update-browserslist-db 104ms (cache miss)
58 silly packumentCache full:https://registry.npmjs.org/update-browserslist-db set size:undefined disposed:false
59 http fetch GET 200 https://registry.npmjs.org/electron-to-chromium 233ms (cache miss)
60 silly packumentCache full:https://registry.npmjs.org/electron-to-chromium set size:undefined disposed:false
61 silly fetch manifest browserslist@>= 4.21.0
62 silly packumentCache full:https://registry.npmjs.org/browserslist cache-miss
63 http cache https://registry.npmjs.org/browserslist 12ms (cache hit)
64 silly packumentCache full:https://registry.npmjs.org/browserslist set size:502989 disposed:false
65 silly placeDep ROOT baseline-browser-mapping@2.10.0 OK for: browserslist@4.28.1 want: ^2.9.0
66 silly placeDep ROOT electron-to-chromium@1.5.307 OK for: browserslist@4.28.1 want: ^1.5.263
67 silly placeDep ROOT node-releases@2.0.36 OK for: browserslist@4.28.1 want: ^2.0.27
68 silly placeDep ROOT update-browserslist-db@1.2.3 OK for: browserslist@4.28.1 want: ^1.2.0
69 silly fetch manifest escalade@^3.2.0
70 silly packumentCache full:https://registry.npmjs.org/escalade cache-miss
71 http fetch GET 200 https://registry.npmjs.org/escalade 50ms (cache miss)
72 silly packumentCache full:https://registry.npmjs.org/escalade set size:undefined disposed:false
73 silly fetch manifest postcss@8.4.31
74 silly packumentCache full:https://registry.npmjs.org/postcss cache-miss
75 http cache https://registry.npmjs.org/postcss 10ms (cache hit)
76 silly packumentCache full:https://registry.npmjs.org/postcss set size:702266 disposed:false
77 silly placeDep node_modules/next postcss@8.4.31 OK for: next@15.5.12 want: 8.4.31
78 silly placeDep ROOT escalade@3.2.0 OK for: update-browserslist-db@1.2.3 want: ^3.2.0
79 silly reify mark retired [
79 silly reify   'D:\\projects\\delivery_app\\Delivery_booking_webapp\\node_modules\\postcss'
79 silly reify ]
80 silly reify moves {
80 silly reify   'D:\\projects\\delivery_app\\Delivery_booking_webapp\\node_modules\\postcss': 'D:\\projects\\delivery_app\\Delivery_booking_webapp\\node_modules\\.postcss-EGVPsi9l'
80 silly reify }
81 silly audit bulk request {
81 silly audit   '@auth/core': [ '0.41.1', '0.41.0' ],
81 silly audit   '@auth/prisma-adapter': [ '2.11.1' ],
81 silly audit   '@emnapi/core': [ '1.8.1' ],
81 silly audit   '@emnapi/runtime': [ '1.8.1' ],
81 silly audit   '@emnapi/wasi-threads': [ '1.1.0' ],
81 silly audit   '@eslint-community/eslint-utils': [ '4.9.1' ],
81 silly audit   '@eslint-community/regexpp': [ '4.12.2' ],
81 silly audit   '@eslint/eslintrc': [ '2.1.4' ],
81 silly audit   '@eslint/js': [ '8.57.1' ],
81 silly audit   '@humanwhocodes/config-array': [ '0.13.0' ],
81 silly audit   '@humanwhocodes/module-importer': [ '1.0.1' ],
81 silly audit   '@humanwhocodes/object-schema': [ '2.0.3' ],
81 silly audit   '@img/colour': [ '1.1.0' ],
81 silly audit   '@img/sharp-darwin-arm64': [ '0.34.5' ],
81 silly audit   '@img/sharp-darwin-x64': [ '0.34.5' ],
81 silly audit   '@img/sharp-libvips-darwin-arm64': [ '1.2.4' ],
81 silly audit   '@img/sharp-libvips-darwin-x64': [ '1.2.4' ],
81 silly audit   '@img/sharp-libvips-linux-arm': [ '1.2.4' ],
81 silly audit   '@img/sharp-libvips-linux-arm64': [ '1.2.4' ],
81 silly audit   '@img/sharp-libvips-linux-ppc64': [ '1.2.4' ],
81 silly audit   '@img/sharp-libvips-linux-riscv64': [ '1.2.4' ],
81 silly audit   '@img/sharp-libvips-linux-s390x': [ '1.2.4' ],
81 silly audit   '@img/sharp-libvips-linux-x64': [ '1.2.4' ],
81 silly audit   '@img/sharp-libvips-linuxmusl-arm64': [ '1.2.4' ],
81 silly audit   '@img/sharp-libvips-linuxmusl-x64': [ '1.2.4' ],
81 silly audit   '@img/sharp-linux-arm': [ '0.34.5' ],
81 silly audit   '@img/sharp-linux-arm64': [ '0.34.5' ],
81 silly audit   '@img/sharp-linux-ppc64': [ '0.34.5' ],
81 silly audit   '@img/sharp-linux-riscv64': [ '0.34.5' ],
81 silly audit   '@img/sharp-linux-s390x': [ '0.34.5' ],
81 silly audit   '@img/sharp-linux-x64': [ '0.34.5' ],
81 silly audit   '@img/sharp-linuxmusl-arm64': [ '0.34.5' ],
81 silly audit   '@img/sharp-linuxmusl-x64': [ '0.34.5' ],
81 silly audit   '@img/sharp-wasm32': [ '0.34.5' ],
81 silly audit   '@img/sharp-win32-arm64': [ '0.34.5' ],
81 silly audit   '@img/sharp-win32-ia32': [ '0.34.5' ],
81 silly audit   '@img/sharp-win32-x64': [ '0.34.5' ],
81 silly audit   '@napi-rs/wasm-runtime': [ '0.2.12' ],
81 silly audit   '@next/env': [ '15.5.12' ],
81 silly audit   '@next/eslint-plugin-next': [ '15.5.12' ],
81 silly audit   '@next/swc-darwin-arm64': [ '15.5.12' ],
81 silly audit   '@next/swc-darwin-x64': [ '15.5.12' ],
81 silly audit   '@next/swc-linux-arm64-gnu': [ '15.5.12' ],
81 silly audit   '@next/swc-linux-arm64-musl': [ '15.5.12' ],
81 silly audit   '@next/swc-linux-x64-gnu': [ '15.5.12' ],
81 silly audit   '@next/swc-linux-x64-musl': [ '15.5.12' ],
81 silly audit   '@next/swc-win32-arm64-msvc': [ '15.5.12' ],
81 silly audit   '@next/swc-win32-x64-msvc': [ '15.5.12' ],
81 silly audit   '@nodelib/fs.scandir': [ '2.1.5' ],
81 silly audit   '@nodelib/fs.stat': [ '2.0.5' ],
81 silly audit   '@nodelib/fs.walk': [ '1.2.8' ],
81 silly audit   '@nolyfill/is-core-module': [ '1.0.39' ],
81 silly audit   '@panva/hkdf': [ '1.2.1' ],
81 silly audit   '@prisma/client': [ '5.22.0' ],
81 silly audit   '@prisma/debug': [ '5.22.0' ],
81 silly audit   '@prisma/engines': [ '5.22.0' ],
81 silly audit   '@prisma/engines-version': [ '5.22.0-44.605197351a3c8bdd595af2d2a9bc3025bca48ea2' ],
81 silly audit   '@prisma/fetch-engine': [ '5.22.0' ],
81 silly audit   '@prisma/get-platform': [ '5.22.0' ],
81 silly audit   '@rtsao/scc': [ '1.1.0' ],
81 silly audit   '@rushstack/eslint-patch': [ '1.16.1' ],
81 silly audit   '@swc/helpers': [ '0.5.15' ],
81 silly audit   '@tybys/wasm-util': [ '0.10.1' ],
81 silly audit   '@types/json5': [ '0.0.29' ],
81 silly audit   '@types/node': [ '20.19.37' ],
81 silly audit   '@types/react': [ '19.2.14' ],
81 silly audit   '@types/react-dom': [ '19.2.3' ],
81 silly audit   '@typescript-eslint/eslint-plugin': [ '8.56.1' ],
81 silly audit   ignore: [ '7.0.5', '5.3.2' ],
81 silly audit   '@typescript-eslint/parser': [ '8.56.1' ],
81 silly audit   '@typescript-eslint/project-service': [ '8.56.1' ],
81 silly audit   '@typescript-eslint/scope-manager': [ '8.56.1' ],
81 silly audit   '@typescript-eslint/tsconfig-utils': [ '8.56.1' ],
81 silly audit   '@typescript-eslint/type-utils': [ '8.56.1' ],
81 silly audit   '@typescript-eslint/types': [ '8.56.1' ],
81 silly audit   '@typescript-eslint/typescript-estree': [ '8.56.1' ],
81 silly audit   'balanced-match': [ '4.0.4', '1.0.2' ],
81 silly audit   'brace-expansion': [ '5.0.4', '1.1.12' ],
81 silly audit   minimatch: [ '10.2.4', '3.1.5' ],
81 silly audit   '@typescript-eslint/utils': [ '8.56.1' ],
81 silly audit   '@typescript-eslint/visitor-keys': [ '8.56.1' ],
81 silly audit   'eslint-visitor-keys': [ '5.0.1', '3.4.3' ],
81 silly audit   '@ungap/structured-clone': [ '1.3.0' ],
81 silly audit   '@unrs/resolver-binding-android-arm-eabi': [ '1.11.1' ],
81 silly audit   '@unrs/resolver-binding-android-arm64': [ '1.11.1' ],
81 silly audit   '@unrs/resolver-binding-darwin-arm64': [ '1.11.1' ],
81 silly audit   '@unrs/resolver-binding-darwin-x64': [ '1.11.1' ],
81 silly audit   '@unrs/resolver-binding-freebsd-x64': [ '1.11.1' ],
81 silly audit   '@unrs/resolver-binding-linux-arm-gnueabihf': [ '1.11.1' ],
81 silly audit   '@unrs/resolver-binding-linux-arm-musleabihf': [ '1.11.1' ],
81 silly audit   '@unrs/resolver-binding-linux-arm64-gnu': [ '1.11.1' ],
81 silly audit   '@unrs/resolver-binding-linux-arm64-musl': [ '1.11.1' ],
81 silly audit   '@unrs/resolver-binding-linux-ppc64-gnu': [ '1.11.1' ],
81 silly audit   '@unrs/resolver-binding-linux-riscv64-gnu': [ '1.11.1' ],
81 silly audit   '@unrs/resolver-binding-linux-riscv64-musl': [ '1.11.1' ],
81 silly audit   '@unrs/resolver-binding-linux-s390x-gnu': [ '1.11.1' ],
81 silly audit   '@unrs/resolver-binding-linux-x64-gnu': [ '1.11.1' ],
81 silly audit   '@unrs/resolver-binding-linux-x64-musl': [ '1.11.1' ],
81 silly audit   '@unrs/resolver-binding-wasm32-wasi': [ '1.11.1' ],
81 silly audit   '@unrs/resolver-binding-win32-arm64-msvc': [ '1.11.1' ],
81 silly audit   '@unrs/resolver-binding-win32-ia32-msvc': [ '1.11.1' ],
81 silly audit   '@unrs/resolver-binding-win32-x64-msvc': [ '1.11.1' ],
81 silly audit   acorn: [ '8.16.0' ],
81 silly audit   'acorn-jsx': [ '5.3.2' ],
81 silly audit   ajv: [ '6.14.0' ],
81 silly audit   'ansi-regex': [ '5.0.1' ],
81 silly audit   'ansi-styles': [ '4.3.0' ],
81 silly audit   argparse: [ '2.0.1' ],
81 silly audit   'aria-query': [ '5.3.2' ],
81 silly audit   'array-buffer-byte-length': [ '1.0.2' ],
81 silly audit   'array-includes': [ '3.1.9' ],
81 silly audit   'array.prototype.findlast': [ '1.2.5' ],
81 silly audit   'array.prototype.findlastindex': [ '1.2.6' ],
81 silly audit   'array.prototype.flat': [ '1.3.3' ],
81 silly audit   'array.prototype.flatmap': [ '1.3.3' ],
81 silly audit   'array.prototype.tosorted': [ '1.1.4' ],
81 silly audit   'arraybuffer.prototype.slice': [ '1.0.4' ],
81 silly audit   'ast-types-flow': [ '0.0.8' ],
81 silly audit   'async-function': [ '1.0.0' ],
81 silly audit   'available-typed-arrays': [ '1.0.7' ],
81 silly audit   'axe-core': [ '4.11.1' ],
81 silly audit   'axobject-query': [ '4.1.0' ],
81 silly audit   braces: [ '3.0.3' ],
81 silly audit   'call-bind': [ '1.0.8' ],
81 silly audit   'call-bind-apply-helpers': [ '1.0.2' ],
81 silly audit   'call-bound': [ '1.0.4' ],
81 silly audit   callsites: [ '3.1.0' ],
81 silly audit   'caniuse-lite': [ '1.0.30001777' ],
81 silly audit   chalk: [ '4.1.2' ],
81 silly audit   'client-only': [ '0.0.1' ],
81 silly audit   'color-convert': [ '2.0.1' ],
81 silly audit   'color-name': [ '1.1.4' ],
81 silly audit   'concat-map': [ '0.0.1' ],
81 silly audit   'cross-spawn': [ '7.0.6' ],
81 silly audit   csstype: [ '3.2.3' ],
81 silly audit   'damerau-levenshtein': [ '1.0.8' ],
81 silly audit   'data-view-buffer': [ '1.0.2' ],
81 silly audit   'data-view-byte-length': [ '1.0.2' ],
81 silly audit   'data-view-byte-offset': [ '1.0.1' ],
81 silly audit   debug: [ '4.4.3', '3.2.7' ],
81 silly audit   'deep-is': [ '0.1.4' ],
81 silly audit   'define-data-property': [ '1.1.4' ],
81 silly audit   'define-properties': [ '1.2.1' ],
81 silly audit   'detect-libc': [ '2.1.2' ],
81 silly audit   doctrine: [ '3.0.0', '2.1.0' ],
81 silly audit   'dunder-proto': [ '1.0.1' ],
81 silly audit   'emoji-regex': [ '9.2.2' ],
81 silly audit   'es-abstract': [ '1.24.1' ],
81 silly audit   'es-define-property': [ '1.0.1' ],
81 silly audit   'es-errors': [ '1.3.0' ],
81 silly audit   'es-iterator-helpers': [ '1.2.2' ],
81 silly audit   'es-object-atoms': [ '1.1.1' ],
81 silly audit   'es-set-tostringtag': [ '2.1.0' ],
81 silly audit   'es-shim-unscopables': [ '1.1.0' ],
81 silly audit   'es-to-primitive': [ '1.3.0' ],
81 silly audit   'escape-string-regexp': [ '4.0.0' ],
81 silly audit   eslint: [ '8.57.1' ],
81 silly audit   'eslint-config-next': [ '15.5.12' ],
81 silly audit   'eslint-import-resolver-node': [ '0.3.9' ],
81 silly audit   'eslint-import-resolver-typescript': [ '3.10.1' ],
81 silly audit   'eslint-module-utils': [ '2.12.1' ],
81 silly audit   'eslint-plugin-import': [ '2.32.0' ],
81 silly audit   semver: [ '6.3.1', '7.7.4' ],
81 silly audit   'eslint-plugin-jsx-a11y': [ '6.10.2' ],
81 silly audit   'eslint-plugin-react': [ '7.37.5' ],
81 silly audit   'eslint-plugin-react-hooks': [ '5.2.0' ],
81 silly audit   resolve: [ '2.0.0-next.6', '1.22.11' ],
81 silly audit   'eslint-scope': [ '7.2.2' ],
81 silly audit   espree: [ '9.6.1' ],
81 silly audit   esquery: [ '1.7.0' ],
81 silly audit   esrecurse: [ '4.3.0' ],
81 silly audit   estraverse: [ '5.3.0' ],
81 silly audit   esutils: [ '2.0.3' ],
81 silly audit   'fast-deep-equal': [ '3.1.3' ],
81 silly audit   'fast-glob': [ '3.3.1' ],
81 silly audit   'glob-parent': [ '5.1.2', '6.0.2' ],
81 silly audit   'fast-json-stable-stringify': [ '2.1.0' ],
81 silly audit   'fast-levenshtein': [ '2.0.6' ],
81 silly audit   fastq: [ '1.20.1' ],
81 silly audit   fdir: [ '6.5.0' ],
81 silly audit   'file-entry-cache': [ '6.0.1' ],
81 silly audit   'fill-range': [ '7.1.1' ],
81 silly audit   'find-up': [ '5.0.0' ],
81 silly audit   'flat-cache': [ '3.2.0' ],
81 silly audit   flatted: [ '3.3.4' ],
81 silly audit   'for-each': [ '0.3.5' ],
81 silly audit   'fs.realpath': [ '1.0.0' ],
81 silly audit   fsevents: [ '2.3.3' ],
81 silly audit   'function-bind': [ '1.1.2' ],
81 silly audit   'function.prototype.name': [ '1.1.8' ],
81 silly audit   'functions-have-names': [ '1.2.3' ],
81 silly audit   'generator-function': [ '2.0.1' ],
81 silly audit   'get-intrinsic': [ '1.3.0' ],
81 silly audit   'get-proto': [ '1.0.1' ],
81 silly audit   'get-symbol-description': [ '1.1.0' ],
81 silly audit   'get-tsconfig': [ '4.13.6' ],
81 silly audit   globals: [ '13.24.0' ],
81 silly audit   globalthis: [ '1.0.4' ],
81 silly audit   gopd: [ '1.2.0' ],
81 silly audit   graphemer: [ '1.4.0' ],
81 silly audit   'has-bigints': [ '1.1.0' ],
81 silly audit   'has-flag': [ '4.0.0' ],
81 silly audit   'has-property-descriptors': [ '1.0.2' ],
81 silly audit   'has-proto': [ '1.2.0' ],
81 silly audit   'has-symbols': [ '1.1.0' ],
81 silly audit   'has-tostringtag': [ '1.0.2' ],
81 silly audit   hasown: [ '2.0.2' ],
81 silly audit   'import-fresh': [ '3.3.1' ],
81 silly audit   imurmurhash: [ '0.1.4' ],
81 silly audit   inflight: [ '1.0.6' ],
81 silly audit   inherits: [ '2.0.4' ],
81 silly audit   'internal-slot': [ '1.1.0' ],
81 silly audit   'is-array-buffer': [ '3.0.5' ],
81 silly audit   'is-async-function': [ '2.1.1' ],
81 silly audit   'is-bigint': [ '1.1.0' ],
81 silly audit   'is-boolean-object': [ '1.2.2' ],
81 silly audit   'is-bun-module': [ '2.0.0' ],
81 silly audit   'is-callable': [ '1.2.7' ],
81 silly audit   'is-core-module': [ '2.16.1' ],
81 silly audit   'is-data-view': [ '1.0.2' ],
81 silly audit   'is-date-object': [ '1.1.0' ],
81 silly audit   'is-extglob': [ '2.1.1' ],
81 silly audit   'is-finalizationregistry': [ '1.1.1' ],
81 silly audit   'is-generator-function': [ '1.1.2' ],
81 silly audit   'is-glob': [ '4.0.3' ],
81 silly audit   'is-map': [ '2.0.3' ],
81 silly audit   'is-negative-zero': [ '2.0.3' ],
81 silly audit   'is-number': [ '7.0.0' ],
81 silly audit   'is-number-object': [ '1.1.1' ],
81 silly audit   'is-path-inside': [ '3.0.3' ],
81 silly audit   'is-regex': [ '1.2.1' ],
81 silly audit   'is-set': [ '2.0.3' ],
81 silly audit   'is-shared-array-buffer': [ '1.0.4' ],
81 silly audit   'is-string': [ '1.1.1' ],
81 silly audit   'is-symbol': [ '1.1.1' ],
81 silly audit   'is-typed-array': [ '1.1.15' ],
81 silly audit   'is-weakmap': [ '2.0.2' ],
81 silly audit   'is-weakref': [ '1.1.1' ],
81 silly audit   'is-weakset': [ '2.0.4' ],
81 silly audit   isarray: [ '2.0.5' ],
81 silly audit   isexe: [ '2.0.0' ],
81 silly audit   'iterator.prototype': [ '1.1.5' ],
81 silly audit   jose: [ '6.2.0' ],
81 silly audit   'js-tokens': [ '4.0.0' ],
81 silly audit   'js-yaml': [ '4.1.1' ],
81 silly audit   'json-buffer': [ '3.0.1' ],
81 silly audit   'json-schema-traverse': [ '0.4.1' ],
81 silly audit   'json-stable-stringify-without-jsonify': [ '1.0.1' ],
81 silly audit   json5: [ '1.0.2' ],
81 silly audit   'jsx-ast-utils': [ '3.3.5' ],
81 silly audit   keyv: [ '4.5.4' ],
81 silly audit   'language-subtag-registry': [ '0.3.23' ],
81 silly audit   'language-tags': [ '1.0.9' ],
81 silly audit   levn: [ '0.4.1' ],
81 silly audit   'locate-path': [ '6.0.0' ],
81 silly audit   'lodash.merge': [ '4.6.2' ],
81 silly audit   'loose-envify': [ '1.4.0' ],
81 silly audit   'math-intrinsics': [ '1.1.0' ],
81 silly audit   merge2: [ '1.4.1' ],
81 silly audit   micromatch: [ '4.0.8' ],
81 silly audit   picomatch: [ '2.3.1', '4.0.3' ],
81 silly audit   minimist: [ '1.2.8' ],
81 silly audit   ms: [ '2.1.3' ],
81 silly audit   nanoid: [ '3.3.11' ],
81 silly audit   'napi-postinstall': [ '0.3.4' ],
81 silly audit   'natural-compare': [ '1.4.0' ],
81 silly audit   next: [ '15.5.12' ],
81 silly audit   'next-auth': [ '5.0.0-beta.30' ],
81 silly audit   'node-exports-info': [ '1.6.0' ],
81 silly audit   oauth4webapi: [ '3.8.5' ],
81 silly audit   'object-assign': [ '4.1.1' ],
81 silly audit   'object-inspect': [ '1.13.4' ],
81 silly audit   'object-keys': [ '1.1.1' ],
81 silly audit   'object.assign': [ '4.1.7' ],
81 silly audit   'object.entries': [ '1.1.9' ],
81 silly audit   'object.fromentries': [ '2.0.8' ],
81 silly audit   'object.groupby': [ '1.0.3' ],
81 silly audit   'object.values': [ '1.2.1' ],
81 silly audit   once: [ '1.4.0' ],
81 silly audit   optionator: [ '0.9.4' ],
81 silly audit   'own-keys': [ '1.0.1' ],
81 silly audit   'p-limit': [ '3.1.0' ],
81 silly audit   'p-locate': [ '5.0.0' ],
81 silly audit   'parent-module': [ '1.0.1' ],
81 silly audit   'path-exists': [ '4.0.0' ],
81 silly audit   'path-is-absolute': [ '1.0.1' ],
81 silly audit   'path-key': [ '3.1.1' ],
81 silly audit   'path-parse': [ '1.0.7' ],
81 silly audit   picocolors: [ '1.1.1' ],
81 silly audit   'possible-typed-array-names': [ '1.1.0' ],
81 silly audit   preact: [ '10.24.3' ],
81 silly audit   'preact-render-to-string': [ '6.5.11' ],
81 silly audit   'prelude-ls': [ '1.2.1' ],
81 silly audit   prisma: [ '5.22.0' ],
81 silly audit   'prop-types': [ '15.8.1' ],
81 silly audit   punycode: [ '2.3.1' ],
81 silly audit   'queue-microtask': [ '1.2.3' ],
81 silly audit   react: [ '19.2.4' ],
81 silly audit   'react-dom': [ '19.2.4' ],
81 silly audit   'react-is': [ '16.13.1' ],
81 silly audit   'reflect.getprototypeof': [ '1.0.10' ],
81 silly audit   'regexp.prototype.flags': [ '1.5.4' ],
81 silly audit   'resolve-from': [ '4.0.0' ],
81 silly audit   'resolve-pkg-maps': [ '1.0.0' ],
81 silly audit   reusify: [ '1.1.0' ],
81 silly audit   rimraf: [ '3.0.2' ],
81 silly audit   glob: [ '7.2.3' ],
81 silly audit   'run-parallel': [ '1.2.0' ],
81 silly audit   'safe-array-concat': [ '1.1.3' ],
81 silly audit   'safe-push-apply': [ '1.0.0' ],
81 silly audit   'safe-regex-test': [ '1.1.0' ],
81 silly audit   scheduler: [ '0.27.0' ],
81 silly audit   'set-function-length': [ '1.2.2' ],
81 silly audit   'set-function-name': [ '2.0.2' ],
81 silly audit   'set-proto': [ '1.0.0' ],
81 silly audit   sharp: [ '0.34.5' ],
81 silly audit   'shebang-command': [ '2.0.0' ],
81 silly audit   'shebang-regex': [ '3.0.0' ],
81 silly audit   'side-channel': [ '1.1.0' ],
81 silly audit   'side-channel-list': [ '1.0.0' ],
81 silly audit   'side-channel-map': [ '1.0.1' ],
81 silly audit   'side-channel-weakmap': [ '1.0.2' ],
81 silly audit   'source-map-js': [ '1.2.1' ],
81 silly audit   'stable-hash': [ '0.0.5' ],
81 silly audit   'stop-iteration-iterator': [ '1.1.0' ],
81 silly audit   'string.prototype.includes': [ '2.0.1' ],
81 silly audit   'string.prototype.matchall': [ '4.0.12' ],
81 silly audit   'string.prototype.repeat': [ '1.0.0' ],
81 silly audit   'string.prototype.trim': [ '1.2.10' ],
81 silly audit   'string.prototype.trimend': [ '1.0.9' ],
81 silly audit   'string.prototype.trimstart': [ '1.0.8' ],
81 silly audit   'strip-ansi': [ '6.0.1' ],
81 silly audit   'strip-bom': [ '3.0.0' ],
81 silly audit   'strip-json-comments': [ '3.1.1' ],
81 silly audit   'styled-jsx': [ '5.1.6' ],
81 silly audit   'supports-color': [ '7.2.0' ],
81 silly audit   'supports-preserve-symlinks-flag': [ '1.0.0' ],
81 silly audit   'text-table': [ '0.2.0' ],
81 silly audit   tinyglobby: [ '0.2.15' ],
81 silly audit   'to-regex-range': [ '5.0.1' ],
81 silly audit   'ts-api-utils': [ '2.4.0' ],
81 silly audit   'tsconfig-paths': [ '3.15.0' ],
81 silly audit   tslib: [ '2.8.1' ],
81 silly audit   'type-check': [ '0.4.0' ],
81 silly audit   'type-fest': [ '0.20.2' ],
81 silly audit   'typed-array-buffer': [ '1.0.3' ],
81 silly audit   'typed-array-byte-length': [ '1.0.3' ],
81 silly audit   'typed-array-byte-offset': [ '1.0.4' ],
81 silly audit   'typed-array-length': [ '1.0.7' ],
81 silly audit   typescript: [ '5.9.3' ],
81 silly audit   'unbox-primitive': [ '1.1.0' ],
81 silly audit   'undici-types': [ '6.21.0' ],
81 silly audit   'unrs-resolver': [ '1.11.1' ],
81 silly audit   'uri-js': [ '4.4.1' ],
81 silly audit   which: [ '2.0.2' ],
81 silly audit   'which-boxed-primitive': [ '1.1.1' ],
81 silly audit   'which-builtin-type': [ '1.2.1' ],
81 silly audit   'which-collection': [ '1.0.2' ],
81 silly audit   'which-typed-array': [ '1.1.20' ],
81 silly audit   'word-wrap': [ '1.2.5' ],
81 silly audit   wrappy: [ '1.0.2' ],
81 silly audit   'yocto-queue': [ '0.1.0' ],
81 silly audit   zod: [ '3.25.76' ],
81 silly audit   autoprefixer: [ '10.4.27' ],
81 silly audit   postcss: [ '8.5.8', '8.4.31' ],
81 silly audit   tailwindcss: [ '4.2.1' ],
81 silly audit   browserslist: [ '4.28.1' ],
81 silly audit   'fraction.js': [ '5.3.4' ],
81 silly audit   'postcss-value-parser': [ '4.2.0' ],
81 silly audit   'baseline-browser-mapping': [ '2.10.0' ],
81 silly audit   'electron-to-chromium': [ '1.5.307' ],
81 silly audit   'node-releases': [ '2.0.36' ],
81 silly audit   'update-browserslist-db': [ '1.2.3' ],
81 silly audit   escalade: [ '3.2.0' ]
81 silly audit }
82 verbose reify failed optional dependency D:\projects\delivery_app\Delivery_booking_webapp\node_modules\fsevents
83 silly reify mark deleted [
83 silly reify   'D:\\projects\\delivery_app\\Delivery_booking_webapp\\node_modules\\fsevents'
83 silly reify ]
84 verbose reify failed optional dependency D:\projects\delivery_app\Delivery_booking_webapp\node_modules\@unrs\resolver-binding-win32-ia32-msvc
85 silly reify mark deleted [
85 silly reify   'D:\\projects\\delivery_app\\Delivery_booking_webapp\\node_modules\\@unrs\\resolver-binding-win32-ia32-msvc'
85 silly reify ]
86 verbose reify failed optional dependency D:\projects\delivery_app\Delivery_booking_webapp\node_modules\@unrs\resolver-binding-win32-arm64-msvc
87 silly reify mark deleted [
87 silly reify   'D:\\projects\\delivery_app\\Delivery_booking_webapp\\node_modules\\@unrs\\resolver-binding-win32-arm64-msvc'
87 silly reify ]
88 verbose reify failed optional dependency D:\projects\delivery_app\Delivery_booking_webapp\node_modules\@unrs\resolver-binding-wasm32-wasi
89 silly reify mark deleted [
89 silly reify   'D:\\projects\\delivery_app\\Delivery_booking_webapp\\node_modules\\@unrs\\resolver-binding-wasm32-wasi'
89 silly reify ]
90 verbose reify failed optional dependency D:\projects\delivery_app\Delivery_booking_webapp\node_modules\@napi-rs\wasm-runtime
91 silly reify mark deleted [
91 silly reify   'D:\\projects\\delivery_app\\Delivery_booking_webapp\\node_modules\\@napi-rs\\wasm-runtime'
91 silly reify ]
92 verbose reify failed optional dependency D:\projects\delivery_app\Delivery_booking_webapp\node_modules\@emnapi\core
93 silly reify mark deleted [
93 silly reify   'D:\\projects\\delivery_app\\Delivery_booking_webapp\\node_modules\\@emnapi\\core'
93 silly reify ]
94 verbose reify failed optional dependency D:\projects\delivery_app\Delivery_booking_webapp\node_modules\@tybys\wasm-util
95 silly reify mark deleted [
95 silly reify   'D:\\projects\\delivery_app\\Delivery_booking_webapp\\node_modules\\@tybys\\wasm-util'
95 silly reify ]
96 verbose reify failed optional dependency D:\projects\delivery_app\Delivery_booking_webapp\node_modules\@emnapi\wasi-threads
97 silly reify mark deleted [
97 silly reify   'D:\\projects\\delivery_app\\Delivery_booking_webapp\\node_modules\\@emnapi\\wasi-threads'
97 silly reify ]
98 verbose reify failed optional dependency D:\projects\delivery_app\Delivery_booking_webapp\node_modules\@unrs\resolver-binding-linux-x64-musl
99 silly reify mark deleted [
99 silly reify   'D:\\projects\\delivery_app\\Delivery_booking_webapp\\node_modules\\@unrs\\resolver-binding-linux-x64-musl'
99 silly reify ]
100 verbose reify failed optional dependency D:\projects\delivery_app\Delivery_booking_webapp\node_modules\@unrs\resolver-binding-linux-x64-gnu
101 silly reify mark deleted [
101 silly reify   'D:\\projects\\delivery_app\\Delivery_booking_webapp\\node_modules\\@unrs\\resolver-binding-linux-x64-gnu'
101 silly reify ]
102 verbose reify failed optional dependency D:\projects\delivery_app\Delivery_booking_webapp\node_modules\@unrs\resolver-binding-linux-s390x-gnu
103 silly reify mark deleted [
103 silly reify   'D:\\projects\\delivery_app\\Delivery_booking_webapp\\node_modules\\@unrs\\resolver-binding-linux-s390x-gnu'
103 silly reify ]
104 verbose reify failed optional dependency D:\projects\delivery_app\Delivery_booking_webapp\node_modules\@unrs\resolver-binding-linux-riscv64-musl
105 silly reify mark deleted [
105 silly reify   'D:\\projects\\delivery_app\\Delivery_booking_webapp\\node_modules\\@unrs\\resolver-binding-linux-riscv64-musl'
105 silly reify ]
106 verbose reify failed optional dependency D:\projects\delivery_app\Delivery_booking_webapp\node_modules\@unrs\resolver-binding-linux-riscv64-gnu
107 silly reify mark deleted [
107 silly reify   'D:\\projects\\delivery_app\\Delivery_booking_webapp\\node_modules\\@unrs\\resolver-binding-linux-riscv64-gnu'
107 silly reify ]
108 verbose reify failed optional dependency D:\projects\delivery_app\Delivery_booking_webapp\node_modules\@unrs\resolver-binding-linux-ppc64-gnu
109 silly reify mark deleted [
109 silly reify   'D:\\projects\\delivery_app\\Delivery_booking_webapp\\node_modules\\@unrs\\resolver-binding-linux-ppc64-gnu'
109 silly reify ]
110 verbose reify failed optional dependency D:\projects\delivery_app\Delivery_booking_webapp\node_modules\@unrs\resolver-binding-linux-arm64-musl
111 silly reify mark deleted [
111 silly reify   'D:\\projects\\delivery_app\\Delivery_booking_webapp\\node_modules\\@unrs\\resolver-binding-linux-arm64-musl'
111 silly reify ]
112 verbose reify failed optional dependency D:\projects\delivery_app\Delivery_booking_webapp\node_modules\@unrs\resolver-binding-linux-arm64-gnu
113 silly reify mark deleted [
113 silly reify   'D:\\projects\\delivery_app\\Delivery_booking_webapp\\node_modules\\@unrs\\resolver-binding-linux-arm64-gnu'
113 silly reify ]
114 verbose reify failed optional dependency D:\projects\delivery_app\Delivery_booking_webapp\node_modules\@unrs\resolver-binding-linux-arm-musleabihf
115 silly reify mark deleted [
115 silly reify   'D:\\projects\\delivery_app\\Delivery_booking_webapp\\node_modules\\@unrs\\resolver-binding-linux-arm-musleabihf'
115 silly reify ]
116 verbose reify failed optional dependency D:\projects\delivery_app\Delivery_booking_webapp\node_modules\@unrs\resolver-binding-linux-arm-gnueabihf
117 silly reify mark deleted [
117 silly reify   'D:\\projects\\delivery_app\\Delivery_booking_webapp\\node_modules\\@unrs\\resolver-binding-linux-arm-gnueabihf'
117 silly reify ]
118 verbose reify failed optional dependency D:\projects\delivery_app\Delivery_booking_webapp\node_modules\@unrs\resolver-binding-freebsd-x64
119 silly reify mark deleted [
119 silly reify   'D:\\projects\\delivery_app\\Delivery_booking_webapp\\node_modules\\@unrs\\resolver-binding-freebsd-x64'
119 silly reify ]
120 verbose reify failed optional dependency D:\projects\delivery_app\Delivery_booking_webapp\node_modules\@unrs\resolver-binding-darwin-x64
121 silly reify mark deleted [
121 silly reify   'D:\\projects\\delivery_app\\Delivery_booking_webapp\\node_modules\\@unrs\\resolver-binding-darwin-x64'
121 silly reify ]
122 verbose reify failed optional dependency D:\projects\delivery_app\Delivery_booking_webapp\node_modules\@unrs\resolver-binding-darwin-arm64
123 silly reify mark deleted [
123 silly reify   'D:\\projects\\delivery_app\\Delivery_booking_webapp\\node_modules\\@unrs\\resolver-binding-darwin-arm64'
123 silly reify ]
124 verbose reify failed optional dependency D:\projects\delivery_app\Delivery_booking_webapp\node_modules\@unrs\resolver-binding-android-arm64
125 silly reify mark deleted [
125 silly reify   'D:\\projects\\delivery_app\\Delivery_booking_webapp\\node_modules\\@unrs\\resolver-binding-android-arm64'
125 silly reify ]
126 verbose reify failed optional dependency D:\projects\delivery_app\Delivery_booking_webapp\node_modules\@unrs\resolver-binding-android-arm-eabi
127 silly reify mark deleted [
127 silly reify   'D:\\projects\\delivery_app\\Delivery_booking_webapp\\node_modules\\@unrs\\resolver-binding-android-arm-eabi'
127 silly reify ]
128 verbose reify failed optional dependency D:\projects\delivery_app\Delivery_booking_webapp\node_modules\@next\swc-win32-arm64-msvc
129 silly reify mark deleted [
129 silly reify   'D:\\projects\\delivery_app\\Delivery_booking_webapp\\node_modules\\@next\\swc-win32-arm64-msvc'
129 silly reify ]
130 verbose reify failed optional dependency D:\projects\delivery_app\Delivery_booking_webapp\node_modules\@next\swc-linux-x64-musl
131 silly reify mark deleted [
131 silly reify   'D:\\projects\\delivery_app\\Delivery_booking_webapp\\node_modules\\@next\\swc-linux-x64-musl'
131 silly reify ]
132 verbose reify failed optional dependency D:\projects\delivery_app\Delivery_booking_webapp\node_modules\@next\swc-linux-x64-gnu
133 silly reify mark deleted [
133 silly reify   'D:\\projects\\delivery_app\\Delivery_booking_webapp\\node_modules\\@next\\swc-linux-x64-gnu'
133 silly reify ]
134 verbose reify failed optional dependency D:\projects\delivery_app\Delivery_booking_webapp\node_modules\@next\swc-linux-arm64-musl
135 silly reify mark deleted [
135 silly reify   'D:\\projects\\delivery_app\\Delivery_booking_webapp\\node_modules\\@next\\swc-linux-arm64-musl'
135 silly reify ]
136 verbose reify failed optional dependency D:\projects\delivery_app\Delivery_booking_webapp\node_modules\@next\swc-linux-arm64-gnu
137 silly reify mark deleted [
137 silly reify   'D:\\projects\\delivery_app\\Delivery_booking_webapp\\node_modules\\@next\\swc-linux-arm64-gnu'
137 silly reify ]
138 verbose reify failed optional dependency D:\projects\delivery_app\Delivery_booking_webapp\node_modules\@next\swc-darwin-x64
139 silly reify mark deleted [
139 silly reify   'D:\\projects\\delivery_app\\Delivery_booking_webapp\\node_modules\\@next\\swc-darwin-x64'
139 silly reify ]
140 verbose reify failed optional dependency D:\projects\delivery_app\Delivery_booking_webapp\node_modules\@next\swc-darwin-arm64
141 silly reify mark deleted [
141 silly reify   'D:\\projects\\delivery_app\\Delivery_booking_webapp\\node_modules\\@next\\swc-darwin-arm64'
141 silly reify ]
142 verbose reify failed optional dependency D:\projects\delivery_app\Delivery_booking_webapp\node_modules\@img\sharp-win32-ia32
143 silly reify mark deleted [
143 silly reify   'D:\\projects\\delivery_app\\Delivery_booking_webapp\\node_modules\\@img\\sharp-win32-ia32'
143 silly reify ]
144 verbose reify failed optional dependency D:\projects\delivery_app\Delivery_booking_webapp\node_modules\@img\sharp-win32-arm64
145 silly reify mark deleted [
145 silly reify   'D:\\projects\\delivery_app\\Delivery_booking_webapp\\node_modules\\@img\\sharp-win32-arm64'
145 silly reify ]
146 verbose reify failed optional dependency D:\projects\delivery_app\Delivery_booking_webapp\node_modules\@img\sharp-wasm32
147 silly reify mark deleted [
147 silly reify   'D:\\projects\\delivery_app\\Delivery_booking_webapp\\node_modules\\@img\\sharp-wasm32'
147 silly reify ]
148 verbose reify failed optional dependency D:\projects\delivery_app\Delivery_booking_webapp\node_modules\@img\sharp-linuxmusl-x64
149 silly reify mark deleted [
149 silly reify   'D:\\projects\\delivery_app\\Delivery_booking_webapp\\node_modules\\@img\\sharp-linuxmusl-x64'
149 silly reify ]
150 verbose reify failed optional dependency D:\projects\delivery_app\Delivery_booking_webapp\node_modules\@img\sharp-linuxmusl-arm64
151 silly reify mark deleted [
151 silly reify   'D:\\projects\\delivery_app\\Delivery_booking_webapp\\node_modules\\@img\\sharp-linuxmusl-arm64'
151 silly reify ]
152 verbose reify failed optional dependency D:\projects\delivery_app\Delivery_booking_webapp\node_modules\@img\sharp-linux-x64
153 silly reify mark deleted [
153 silly reify   'D:\\projects\\delivery_app\\Delivery_booking_webapp\\node_modules\\@img\\sharp-linux-x64'
153 silly reify ]
154 verbose reify failed optional dependency D:\projects\delivery_app\Delivery_booking_webapp\node_modules\@img\sharp-linux-s390x
155 silly reify mark deleted [
155 silly reify   'D:\\projects\\delivery_app\\Delivery_booking_webapp\\node_modules\\@img\\sharp-linux-s390x'
155 silly reify ]
156 verbose reify failed optional dependency D:\projects\delivery_app\Delivery_booking_webapp\node_modules\@img\sharp-linux-riscv64
157 silly reify mark deleted [
157 silly reify   'D:\\projects\\delivery_app\\Delivery_booking_webapp\\node_modules\\@img\\sharp-linux-riscv64'
157 silly reify ]
158 verbose reify failed optional dependency D:\projects\delivery_app\Delivery_booking_webapp\node_modules\@img\sharp-linux-ppc64
159 silly reify mark deleted [
159 silly reify   'D:\\projects\\delivery_app\\Delivery_booking_webapp\\node_modules\\@img\\sharp-linux-ppc64'
159 silly reify ]
160 verbose reify failed optional dependency D:\projects\delivery_app\Delivery_booking_webapp\node_modules\@img\sharp-linux-arm64
161 silly reify mark deleted [
161 silly reify   'D:\\projects\\delivery_app\\Delivery_booking_webapp\\node_modules\\@img\\sharp-linux-arm64'
161 silly reify ]
162 verbose reify failed optional dependency D:\projects\delivery_app\Delivery_booking_webapp\node_modules\@img\sharp-linux-arm
163 silly reify mark deleted [
163 silly reify   'D:\\projects\\delivery_app\\Delivery_booking_webapp\\node_modules\\@img\\sharp-linux-arm'
163 silly reify ]
164 verbose reify failed optional dependency D:\projects\delivery_app\Delivery_booking_webapp\node_modules\@img\sharp-libvips-linuxmusl-x64
165 silly reify mark deleted [
165 silly reify   'D:\\projects\\delivery_app\\Delivery_booking_webapp\\node_modules\\@img\\sharp-libvips-linuxmusl-x64'
165 silly reify ]
166 verbose reify failed optional dependency D:\projects\delivery_app\Delivery_booking_webapp\node_modules\@img\sharp-libvips-linuxmusl-arm64
167 silly reify mark deleted [
167 silly reify   'D:\\projects\\delivery_app\\Delivery_booking_webapp\\node_modules\\@img\\sharp-libvips-linuxmusl-arm64'
167 silly reify ]
168 verbose reify failed optional dependency D:\projects\delivery_app\Delivery_booking_webapp\node_modules\@img\sharp-libvips-linux-x64
169 silly reify mark deleted [
169 silly reify   'D:\\projects\\delivery_app\\Delivery_booking_webapp\\node_modules\\@img\\sharp-libvips-linux-x64'
169 silly reify ]
170 verbose reify failed optional dependency D:\projects\delivery_app\Delivery_booking_webapp\node_modules\@img\sharp-libvips-linux-s390x
171 silly reify mark deleted [
171 silly reify   'D:\\projects\\delivery_app\\Delivery_booking_webapp\\node_modules\\@img\\sharp-libvips-linux-s390x'
171 silly reify ]
172 verbose reify failed optional dependency D:\projects\delivery_app\Delivery_booking_webapp\node_modules\@img\sharp-libvips-linux-riscv64
173 silly reify mark deleted [
173 silly reify   'D:\\projects\\delivery_app\\Delivery_booking_webapp\\node_modules\\@img\\sharp-libvips-linux-riscv64'
173 silly reify ]
174 verbose reify failed optional dependency D:\projects\delivery_app\Delivery_booking_webapp\node_modules\@img\sharp-libvips-linux-ppc64
175 silly reify mark deleted [
175 silly reify   'D:\\projects\\delivery_app\\Delivery_booking_webapp\\node_modules\\@img\\sharp-libvips-linux-ppc64'
175 silly reify ]
176 verbose reify failed optional dependency D:\projects\delivery_app\Delivery_booking_webapp\node_modules\@img\sharp-libvips-linux-arm64
177 silly reify mark deleted [
177 silly reify   'D:\\projects\\delivery_app\\Delivery_booking_webapp\\node_modules\\@img\\sharp-libvips-linux-arm64'
177 silly reify ]
178 verbose reify failed optional dependency D:\projects\delivery_app\Delivery_booking_webapp\node_modules\@img\sharp-libvips-linux-arm
179 silly reify mark deleted [
179 silly reify   'D:\\projects\\delivery_app\\Delivery_booking_webapp\\node_modules\\@img\\sharp-libvips-linux-arm'
179 silly reify ]
180 verbose reify failed optional dependency D:\projects\delivery_app\Delivery_booking_webapp\node_modules\@img\sharp-libvips-darwin-x64
181 silly reify mark deleted [
181 silly reify   'D:\\projects\\delivery_app\\Delivery_booking_webapp\\node_modules\\@img\\sharp-libvips-darwin-x64'
181 silly reify ]
182 verbose reify failed optional dependency D:\projects\delivery_app\Delivery_booking_webapp\node_modules\@img\sharp-libvips-darwin-arm64
183 silly reify mark deleted [
183 silly reify   'D:\\projects\\delivery_app\\Delivery_booking_webapp\\node_modules\\@img\\sharp-libvips-darwin-arm64'
183 silly reify ]
184 verbose reify failed optional dependency D:\projects\delivery_app\Delivery_booking_webapp\node_modules\@img\sharp-darwin-x64
185 silly reify mark deleted [
185 silly reify   'D:\\projects\\delivery_app\\Delivery_booking_webapp\\node_modules\\@img\\sharp-darwin-x64'
185 silly reify ]
186 verbose reify failed optional dependency D:\projects\delivery_app\Delivery_booking_webapp\node_modules\@img\sharp-darwin-arm64
187 silly reify mark deleted [
187 silly reify   'D:\\projects\\delivery_app\\Delivery_booking_webapp\\node_modules\\@img\\sharp-darwin-arm64'
187 silly reify ]
188 http cache escalade@https://registry.npmjs.org/escalade/-/escalade-3.2.0.tgz 0ms (cache hit)
189 http cache electron-to-chromium@https://registry.npmjs.org/electron-to-chromium/-/electron-to-chromium-1.5.307.tgz 0ms (cache hit)
190 http cache update-browserslist-db@https://registry.npmjs.org/update-browserslist-db/-/update-browserslist-db-1.2.3.tgz 0ms (cache hit)
191 http cache node-releases@https://registry.npmjs.org/node-releases/-/node-releases-2.0.36.tgz 0ms (cache hit)
192 http cache baseline-browser-mapping@https://registry.npmjs.org/baseline-browser-mapping/-/baseline-browser-mapping-2.10.0.tgz 0ms (cache hit)
193 http cache postcss-value-parser@https://registry.npmjs.org/postcss-value-parser/-/postcss-value-parser-4.2.0.tgz 0ms (cache hit)
194 http cache fraction.js@https://registry.npmjs.org/fraction.js/-/fraction.js-5.3.4.tgz 0ms (cache hit)
195 http cache browserslist@https://registry.npmjs.org/browserslist/-/browserslist-4.28.1.tgz 0ms (cache hit)
196 http cache tailwindcss@https://registry.npmjs.org/tailwindcss/-/tailwindcss-4.2.1.tgz 0ms (cache hit)
197 http cache autoprefixer@https://registry.npmjs.org/autoprefixer/-/autoprefixer-10.4.27.tgz 0ms (cache hit)
198 http cache @emnapi/wasi-threads@https://registry.npmjs.org/@emnapi/wasi-threads/-/wasi-threads-1.1.0.tgz 0ms (cache hit)
199 http cache @tybys/wasm-util@https://registry.npmjs.org/@tybys/wasm-util/-/wasm-util-0.10.1.tgz 1ms (cache hit)
200 http cache @napi-rs/wasm-runtime@https://registry.npmjs.org/@napi-rs/wasm-runtime/-/wasm-runtime-0.2.12.tgz 0ms (cache hit)
201 http cache postcss@https://registry.npmjs.org/postcss/-/postcss-8.5.8.tgz 0ms (cache hit)
202 http cache @emnapi/core@https://registry.npmjs.org/@emnapi/core/-/core-1.8.1.tgz 0ms (cache hit)
203 http cache postcss@https://registry.npmjs.org/postcss/-/postcss-8.4.31.tgz 0ms (cache hit)
204 silly tarball no local data for escalade@https://registry.npmjs.org/escalade/-/escalade-3.2.0.tgz. Extracting by manifest.
205 silly tarball no local data for electron-to-chromium@https://registry.npmjs.org/electron-to-chromium/-/electron-to-chromium-1.5.307.tgz. Extracting by manifest.
206 silly tarball no local data for update-browserslist-db@https://registry.npmjs.org/update-browserslist-db/-/update-browserslist-db-1.2.3.tgz. Extracting by manifest.
207 silly tarball no local data for node-releases@https://registry.npmjs.org/node-releases/-/node-releases-2.0.36.tgz. Extracting by manifest.
208 silly tarball no local data for baseline-browser-mapping@https://registry.npmjs.org/baseline-browser-mapping/-/baseline-browser-mapping-2.10.0.tgz. Extracting by manifest.
209 silly tarball no local data for postcss-value-parser@https://registry.npmjs.org/postcss-value-parser/-/postcss-value-parser-4.2.0.tgz. Extracting by manifest.
210 silly tarball no local data for fraction.js@https://registry.npmjs.org/fraction.js/-/fraction.js-5.3.4.tgz. Extracting by manifest.
211 silly tarball no local data for browserslist@https://registry.npmjs.org/browserslist/-/browserslist-4.28.1.tgz. Extracting by manifest.
212 silly tarball no local data for tailwindcss@https://registry.npmjs.org/tailwindcss/-/tailwindcss-4.2.1.tgz. Extracting by manifest.
213 silly tarball no local data for autoprefixer@https://registry.npmjs.org/autoprefixer/-/autoprefixer-10.4.27.tgz. Extracting by manifest.
214 silly tarball no local data for @emnapi/wasi-threads@https://registry.npmjs.org/@emnapi/wasi-threads/-/wasi-threads-1.1.0.tgz. Extracting by manifest.
215 silly tarball no local data for @tybys/wasm-util@https://registry.npmjs.org/@tybys/wasm-util/-/wasm-util-0.10.1.tgz. Extracting by manifest.
216 silly tarball no local data for @napi-rs/wasm-runtime@https://registry.npmjs.org/@napi-rs/wasm-runtime/-/wasm-runtime-0.2.12.tgz. Extracting by manifest.
217 silly tarball no local data for postcss@https://registry.npmjs.org/postcss/-/postcss-8.5.8.tgz. Extracting by manifest.
218 silly tarball no local data for @emnapi/core@https://registry.npmjs.org/@emnapi/core/-/core-1.8.1.tgz. Extracting by manifest.
219 silly tarball no local data for postcss@https://registry.npmjs.org/postcss/-/postcss-8.4.31.tgz. Extracting by manifest.
220 http fetch POST 200 https://registry.npmjs.org/-/npm/v1/security/advisories/bulk 226ms
221 silly audit report {}
222 http fetch GET 200 https://registry.npmjs.org/update-browserslist-db/-/update-browserslist-db-1.2.3.tgz 234ms (cache miss)
223 http fetch GET 200 https://registry.npmjs.org/node-releases/-/node-releases-2.0.36.tgz 395ms (cache miss)
224 http fetch GET 200 https://registry.npmjs.org/escalade/-/escalade-3.2.0.tgz 430ms (cache miss)
225 http fetch GET 200 https://registry.npmjs.org/electron-to-chromium/-/electron-to-chromium-1.5.307.tgz 581ms (cache miss)
226 http fetch GET 200 https://registry.npmjs.org/postcss-value-parser/-/postcss-value-parser-4.2.0.tgz 589ms (cache miss)
227 http fetch GET 200 https://registry.npmjs.org/browserslist/-/browserslist-4.28.1.tgz 613ms (cache miss)
228 http fetch GET 200 https://registry.npmjs.org/baseline-browser-mapping/-/baseline-browser-mapping-2.10.0.tgz 733ms (cache miss)
229 http fetch GET 200 https://registry.npmjs.org/@emnapi/wasi-threads/-/wasi-threads-1.1.0.tgz 766ms (cache miss)
230 http fetch GET 200 https://registry.npmjs.org/fraction.js/-/fraction.js-5.3.4.tgz 884ms (cache miss)
231 http fetch GET 200 https://registry.npmjs.org/@emnapi/core/-/core-1.8.1.tgz 1156ms (cache miss)
232 http fetch GET 200 https://registry.npmjs.org/postcss/-/postcss-8.4.31.tgz 1157ms (cache miss)
233 http fetch GET 200 https://registry.npmjs.org/tailwindcss/-/tailwindcss-4.2.1.tgz 1188ms (cache miss)
234 http fetch GET 200 https://registry.npmjs.org/postcss/-/postcss-8.5.8.tgz 1234ms (cache miss)
235 http fetch GET 200 https://registry.npmjs.org/@tybys/wasm-util/-/wasm-util-0.10.1.tgz 1315ms (cache miss)
236 http fetch GET 200 https://registry.npmjs.org/autoprefixer/-/autoprefixer-10.4.27.tgz 1330ms (cache miss)
237 http fetch GET 200 https://registry.npmjs.org/@napi-rs/wasm-runtime/-/wasm-runtime-0.2.12.tgz 1474ms (cache miss)
238 silly ADD node_modules/escalade
239 silly ADD node_modules/update-browserslist-db
240 silly ADD node_modules/node-releases
241 silly ADD node_modules/electron-to-chromium
242 silly ADD node_modules/baseline-browser-mapping
243 silly ADD node_modules/postcss-value-parser
244 silly ADD node_modules/fraction.js
245 silly ADD node_modules/browserslist
246 silly ADD node_modules/tailwindcss
247 silly ADD node_modules/autoprefixer
248 silly ADD
249 silly ADD
250 silly ADD
251 silly ADD
252 silly ADD
253 silly ADD
254 silly ADD
255 silly ADD
256 silly ADD
257 silly ADD
258 silly ADD
259 silly ADD
260 silly ADD
261 silly ADD
262 silly ADD
263 silly ADD
264 silly ADD
265 silly ADD
266 silly ADD
267 silly ADD
268 silly ADD
269 silly ADD
270 silly ADD
271 silly ADD
272 silly ADD
273 silly ADD
274 silly ADD
275 silly ADD
276 silly ADD
277 silly ADD
278 silly ADD
279 silly ADD
280 silly ADD
281 silly ADD
282 silly ADD
283 silly ADD
284 silly ADD
285 silly ADD
286 silly ADD
287 silly ADD
288 silly ADD
289 silly ADD
290 silly ADD
291 silly ADD
292 silly ADD
293 silly ADD
294 silly ADD
295 silly ADD
296 silly ADD
297 silly ADD
298 silly ADD
299 silly ADD
300 silly ADD
301 silly CHANGE node_modules/postcss
302 silly ADD node_modules/next/node_modules/postcss
303 verbose cwd D:\projects\delivery_app\Delivery_booking_webapp
304 verbose os Windows_NT 10.0.19045
305 verbose node v22.16.0
306 verbose npm  v10.9.2
307 notice
307 notice New major version of npm available! 10.9.2 -> 11.11.0
307 notice Changelog: https://github.com/npm/cli/releases/tag/v11.11.0
307 notice To update run: npm install -g npm@11.11.0
307 notice  { force: true, [Symbol(proc-log.meta)]: true }
308 verbose exit 0
309 info ok
